TO:27
Moteino: [TO:27:OK]
TARGET SET OK
File found, passing to Moteino...
FLX?

FLX?

Moteino: [FLX?OK]
HANDSHAKE OK!
TX > FLX:0:100000000C9482010C94B40A0C948D0A0C94AA01ED
Moteino: FLX:0:OK
TX > FLX:1:100010000C94AA010C94AA010C94AA010C94AA01B4
Moteino: FLX:1:OK
TX > FLX:2:100020000C94AA010C94AA010C94AA010C94AA01A4
Moteino: FLX:2:OK
TX > FLX:3:100030000C94AA010C94AA010C94AA010C94AA0194
Moteino: FLX:3:OK
TX > FLX:4:100040000C94430A0C94AA010C941D090C94F70813
Moteino: FLX:4:OK
TX > FLX:5:100050000C94AA010C94AA010C94AA010C94AA0174
Moteino: FLX:5:OK
TX > FLX:6:100060000C94AA010C94AA01206D79496E646578FC
Moteino: FLX:6:OK
TX > FLX:7:100070003D004E6574776F726B2E207374617274DD
Moteino: FLX:7:OK
TX > FLX:8:10008000757020636F6D706C657465207769746836
Moteino: FLX:8:OK
TX > FLX:9:10009000206D794E6F646549443D00456E7465720C
Moteino: FLX:9:OK
TX > FLX:10:1000A00020746865206E6F6465206E756D62657280
Moteino: FLX:10:OK
TX > FLX:11:1000B00020666F722074686973206E6F64653A0001
Moteino: FLX:11:OK
TX > FLX:12:1000C0004E6574776F726B2E204552524F52206EE0
Moteino: FLX:12:OK
TX > FLX:13:1000D0006F206E6F6465494420666F756E64206999
Moteino: FLX:13:OK
TX > FLX:14:1000E0006E20454550524F4D21004E6574776F721A
Moteino: FLX:14:OK
TX > FLX:15:1000F0006B2E2072656164206E6F646549442066D2
Moteino: FLX:15:OK
TX > FLX:16:10010000726F6D20454550524F4D3D004E657477DE
Moteino: FLX:16:OK
TX > FLX:17:100110006F726B2E20737461727475702E004C6F49
Moteino: FLX:17:OK
TX > FLX:18:10012000636174696F6E2E207374617274757020D0
Moteino: FLX:18:OK
TX > FLX:19:10013000636F6D706C6574652E000964323D000953
Moteino: FLX:19:OK
TX > FLX:20:1001400064313D000964303D004C6F636174696F38
Moteino: FLX:20:OK
TX > FLX:21:100150006E2E20737461727475702E006875652040
Moteino: FLX:21:OK
TX > FLX:22:10016000696E6372656D656E743D006875652073B8
Moteino: FLX:22:OK
TX > FLX:23:10017000746172743D00416E696D6174696F6E2EB9
Moteino: FLX:23:OK
TX > FLX:24:10018000205374617274757020636F6D706C657448
Moteino: FLX:24:OK
TX > FLX:25:10019000652E000000000000003300000066000033
Moteino: FLX:25:OK
TX > FLX:26:1001A0000099000000CC000000FF000033FF0000B9
Moteino: FLX:26:OK
TX > FLX:27:1001B00066FF000099FF0000CCFF0000FFFF003346
Moteino: FLX:27:OK
TX > FLX:28:1001C000FFFF0066FFFF0099FFFF00CCFFFF00FF6D
Moteino: FLX:28:OK
TX > FLX:29:1001D000FFFF00416E696D6174696F6E2E2066705D
Moteino: FLX:29:OK
TX > FLX:30:1001E00073207265706F727465643D00537461743E
Moteino: FLX:30:OK
TX > FLX:31:1001F000652E202069646C652D3E696E506C616EC1
Moteino: FLX:31:OK
TX > FLX:32:10020000652E00416E696D6174696F6E2E20657890
Moteino: FLX:32:OK
TX > FLX:33:1002100074656E743D2000416E696D6174696F6E26
Moteino: FLX:33:OK
TX > FLX:34:100220002E20706F736974696F6E3D200053746186
Moteino: FLX:34:OK
TX > FLX:35:1002300074652E2020696E506C616E652D3E696478
Moteino: FLX:35:OK
TX > FLX:36:100240006C652E000000000023002600290000003D
Moteino: FLX:36:OK
TX > FLX:37:100250000008000201000003040700000000000085
Moteino: FLX:37:OK
TX > FLX:38:1002600000004C656E6774683D004E6574776F7270
Moteino: FLX:38:OK
TX > FLX:39:100270006B2E2050726F6772616D6D6572207472A3
Moteino: FLX:39:OK
TX > FLX:40:1002800061666669632E004E6574776F726B2E200F
Moteino: FLX:40:OK
TX > FLX:41:10029000526570726F6772616D6D696E67206D6512
Moteino: FLX:41:OK
TX > FLX:42:1002A00073736167653F0000000000250028002B84
Moteino: FLX:42:OK
TX > FLX:43:1002B0000000000000240027002A000404040404B5
Moteino: FLX:43:OK
TX > FLX:44:1002C0000404040202020202020303030303030103
Moteino: FLX:44:OK
TX > FLX:45:1002D00002040810204080010204081020010204DA
Moteino: FLX:45:OK
TX > FLX:46:1002E000081020416E696D6174696F6E2E204D613A
Moteino: FLX:46:OK
TX > FLX:47:1002F00073746572206272696768746E6573733DAA
Moteino: FLX:47:OK
TX > FLX:48:100300002000331D11241FBECFEFD8E0DEBFCDBFCC
Moteino: FLX:48:OK
TX > FLX:49:1003100011E0A0E0B1E0E6E5F3E402C005900D9243
Moteino: FLX:49:OK
TX > FLX:50:10032000AA3BB107D9F725E0AAEBB1E001C01D92C5
Moteino: FLX:50:OK
TX > FLX:51:10033000A033B207E1F711E0C2E8D1E004C0219791
Moteino: FLX:51:OK
TX > FLX:52:10034000FE010E94F11DC138D107C9F70E9419139F
Moteino: FLX:52:OK
TX > FLX:53:100350000C94A9210C94000008958091DA049091E6
Moteino: FLX:53:OK
TX > FLX:54:10036000DB048237924088F08091DC049091DD04B8
Moteino: FLX:54:OK
TX > FLX:55:100370008237924050F081E02091DE043091DF041A
Moteino: FLX:55:OK
TX > FLX:56:100380002237324018F080E0089581E0089587FF19
Moteino: FLX:56:OK
TX > FLX:57:1003900002C05C9A01C05C985E9A5E9886FF02C0BB
Moteino: FLX:57:OK
TX > FLX:58:1003A0005C9A01C05C985E9A5E9885FF02C05C9A78
Moteino: FLX:58:OK
TX > FLX:59:1003B00001C05C985E9A5E9884FF02C05C9A01C09E
Moteino: FLX:59:OK
TX > FLX:60:1003C0005C985E9A5E9883FF02C05C9A01C05C985C
Moteino: FLX:60:OK
TX > FLX:61:1003D0005E9A5E9882FF02C05C9A01C05C985E9A49
Moteino: FLX:61:OK
TX > FLX:62:1003E0005E9881FF02C05C9A01C05C985E9A5E983C
Moteino: FLX:62:OK
TX > FLX:63:1003F00080FF02C05C9A01C05C985E9A5E98089586
Moteino: FLX:63:OK
TX > FLX:64:10040000CF93DF9397FD4F96EC0185E0D595C79587
Moteino: FLX:64:OK
TX > FLX:65:100410008A95E1F78FEF0E94C70180E00E94C70133
Moteino: FLX:65:OK
TX > FLX:66:1004200080E00E94C70180E00E94C701219790F7F9
Moteino: FLX:66:OK
TX > FLX:67:10043000DF91CF91089580E00E94C70180E00E9483
Moteino: FLX:67:OK
TX > FLX:68:10044000C70180E00E94C70180E00C94C70187FFCC
Moteino: FLX:68:OK
TX > FLX:69:1004500002C05F9A01C05F985E9A5E9886FF02C0F4
Moteino: FLX:69:OK
TX > FLX:70:100460005F9A01C05F985E9A5E9885FF02C05F9AAE
Moteino: FLX:70:OK
TX > FLX:71:1004700001C05F985E9A5E9884FF02C05F9A01C0D7
Moteino: FLX:71:OK
TX > FLX:72:100480005F985E9A5E9883FF02C05F9A01C05F9892
Moteino: FLX:72:OK
TX > FLX:73:100490005E9A5E9882FF02C05F9A01C05F985E9A82
Moteino: FLX:73:OK
TX > FLX:74:1004A0005E9881FF02C05F9A01C05F985E9A5E9875
Moteino: FLX:74:OK
TX > FLX:75:1004B00080FF02C05F9A01C05F985E9A5E980895BF
Moteino: FLX:75:OK
TX > FLX:76:1004C000CF93DF9397FD4F96EC0185E0D595C795C7
Moteino: FLX:76:OK
TX > FLX:77:1004D0008A95E1F78FEF0E94270280E00E942702B1
Moteino: FLX:77:OK
TX > FLX:78:1004E00080E00E94270280E00E942702219790F777
Moteino: FLX:78:OK
TX > FLX:79:1004F000DF91CF91089580E00E94270280E00E9462
Moteino: FLX:79:OK
TX > FLX:80:10050000270280E00E94270280E00C942702EF92ED
Moteino: FLX:80:OK
TX > FLX:81:10051000FF920F931F93CF93DF93FC01613009F09B
Moteino: FLX:81:OK
TX > FLX:82:1005200038C0809170028F5F982F977090937002FF
Moteino: FLX:82:OK
TX > FLX:83:1005300080FF02C080E801C080E091FD806494707B
Moteino: FLX:83:OK
TX > FLX:84:1005400009F0806220E1280FEF012A967F018DE0FB
Moteino: FLX:84:OK
TX > FLX:85:10055000E80EF11C00E011E06991662331F070E0D3
Moteino: FLX:85:OK
TX > FLX:86:10056000C8010E94C91D6F5F01C060E0DE011497E1
Moteino: FLX:86:OK
TX > FLX:87:100570006C93322F369F312D1124CE010797FC0149
Moteino: FLX:87:OK
TX > FLX:88:100580003083662311F061506C93CE15DF0521F79F
Moteino: FLX:88:OK
TX > FLX:89:1005900006C0118610861782168215821482DF919A
Moteino: FLX:89:OK
TX > FLX:90:1005A000CF911F910F91FF90EF900895DC018D91F5
Moteino: FLX:90:OK
TX > FLX:91:1005B0009C91009739F0DC01ED91FC910280F38170
Moteino: FLX:91:OK
TX > FLX:92:1005C000E02D09940895DC018D919C91009739F0FC
Moteino: FLX:92:OK
TX > FLX:93:1005D000DC01ED91FC910190F081E02D09940895EA
Moteino: FLX:93:OK
TX > FLX:94:1005E000DC018D919C91009739F0DC01ED91FC913B
Moteino: FLX:94:OK
TX > FLX:95:1005F0000280F381E02D09940895DC018D919C9196
Moteino: FLX:95:OK
TX > FLX:96:10060000009739F0DC01ED91FC910190F081E02D33
Moteino: FLX:96:OK
TX > FLX:97:1006100009940895CF93DF9300D000D000D0CDB7D8
Moteino: FLX:97:OK
TX > FLX:98:10062000DEB7AB01DC01ED91FC910190F081E02D92
Moteino: FLX:98:OK
TX > FLX:99:100630001C821D821E8219821A821B829E012C5FDF
Moteino: FLX:99:OK
TX > FLX:100:100640003F4FBE016F5F7F4F099526960FB6F89416
Moteino: FLX:100:OK
TX > FLX:101:10065000DEBF0FBECDBFDF91CF910895549A569A59
Moteino: FLX:101:OK
TX > FLX:102:100660000F960C94D602AF92BF92CF92DF92EF9288
Moteino: FLX:102:OK
TX > FLX:103:10067000FF920F931F93CF93DF93CDB7DEB72E97E3
Moteino: FLX:103:OK
TX > FLX:104:100680000FB6F894DEBF0FBECDBF7C016A01F90141
Moteino: FLX:104:OK
TX > FLX:105:10069000DC011C968C917A8369835C834B83908107
Moteino: FLX:105:OK
TX > FLX:106:1006A0009B8791819C8792819D87682FCE010196BF
Moteino: FLX:106:OK
TX > FLX:107:1006B0000E94870283E08E87BFE0EB0EF11CC7012A
Moteino: FLX:107:OK
TX > FLX:108:1006C0000E94E3020E941B02A12CB12CAC14BD04B9
Moteino: FLX:108:OK
TX > FLX:109:1006D0000CF052C0E981FA812281222321F03F816E
Moteino: FLX:109:OK
TX > FLX:110:1006E000230F08F42FEF3D85122F139F112D112496
Moteino: FLX:110:OK
TX > FLX:111:1006F0008FEF0E94C701812F0E94C701E981FA8113
Moteino: FLX:111:OK
TX > FLX:112:100700000181002321F02E81020F08F40FEF2C85C8
Moteino: FLX:112:OK
TX > FLX:113:10071000029F012D112410E0102F00272081222399
Moteino: FLX:113:OK
TX > FLX:114:1007200021F03D81230F08F42FEF3B85239F212DDE
Moteino: FLX:114:OK
TX > FLX:115:100730001124022B812F0E94C701802F0E94C70124
Moteino: FLX:115:OK
TX > FLX:116:100740002E8589819A81820F911D9A8389838B815D
Moteino: FLX:116:OK
TX > FLX:117:100750009C8101979C838B8388859D81891B8D83D8
Moteino: FLX:117:OK
TX > FLX:118:1007600089859E81891B8E838A859F81891B8F83C2
Moteino: FLX:118:OK
TX > FLX:119:100770008FEFA81AB80AAACFC6010E940002C701CB
Moteino: FLX:119:OK
TX > FLX:120:100780000E94D6022E960FB6F894DEBF0FBECDBFE4
Moteino: FLX:120:OK
TX > FLX:121:10079000DF91CF911F910F91FF90EF90DF90CF905D
Moteino: FLX:121:OK
TX > FLX:122:1007A000BF90AF900895AF92BF92CF92DF92EF9239
Moteino: FLX:122:OK
TX > FLX:123:1007B000FF920F931F93CF93DF93CDB7DEB72E97A2
Moteino: FLX:123:OK
TX > FLX:124:1007C0000FB6F894DEBF0FBECDBF7C016A01F90100
Moteino: FLX:124:OK
TX > FLX:125:1007D000DC011C968C917A8369835C834B839081C6
Moteino: FLX:125:OK
TX > FLX:126:1007E0009B8791819C8792819D87682FCE0101967E
Moteino: FLX:126:OK
TX > FLX:127:1007F0000E9487021E86BFE0EB0EF11CC7010E941B
Moteino: FLX:127:OK
TX > FLX:128:10080000E3020E941B02A12CB12CAC14BD040CF01D
Moteino: FLX:128:OK
TX > FLX:129:1008100046C0E981FA812281222321F03F81230F02
Moteino: FLX:129:OK
TX > FLX:130:1008200008F42FEF3D85122F139F112D11248FEF08
Moteino: FLX:130:OK
TX > FLX:131:100830000E94C701812F0E94C701E981FA810181CD
Moteino: FLX:131:OK
TX > FLX:132:10084000002321F02E81020F08F40FEF2C85029F68
Moteino: FLX:132:OK
TX > FLX:133:10085000012D112410E0102F00272081222321F0E8
Moteino: FLX:133:OK
TX > FLX:134:100860003D81230F08F42FEF3B85239F212D112479
Moteino: FLX:134:OK
TX > FLX:135:10087000022B812F0E94C701802F0E94C70188850B
Moteino: FLX:135:OK
TX > FLX:136:100880009D81891B8D8389859E81891B8E838A85A5
Moteino: FLX:136:OK
TX > FLX:137:100890009F81891B8F838FEFA81AB80AB6CFC60134
Moteino: FLX:137:OK
TX > FLX:138:1008A0000E940002C7010E94D6022E960FB6F8944D
Moteino: FLX:138:OK
TX > FLX:139:1008B000DEBF0FBECDBFDF91CF911F910F91FF9093
Moteino: FLX:139:OK
TX > FLX:140:1008C000EF90DF90CF90BF90AF900895CF93DF93DC
Moteino: FLX:140:OK
TX > FLX:141:1008D00000D000D000D0CDB7DEB7AB01DC01ED9188
Moteino: FLX:141:OK
TX > FLX:142:1008E000FC910190F081E02D1C821D821E821982F4
Moteino: FLX:142:OK
TX > FLX:143:1008F0001A821B829E012C5F3F4FBE016F5F7F4FAC
Moteino: FLX:143:OK
TX > FLX:144:10090000099526960FB6F894DEBF0FBECDBFDF91D6
Moteino: FLX:144:OK
TX > FLX:145:10091000CF910895579A569A0F960C94F002AF9281
Moteino: FLX:145:OK
TX > FLX:146:10092000BF92CF92DF92EF92FF920F931F93CF93DC
Moteino: FLX:146:OK
TX > FLX:147:10093000DF93CDB7DEB72E970FB6F894DEBF0FBEAC
Moteino: FLX:147:OK
TX > FLX:148:10094000CDBF7C016A01F901DC011C968C917A8390
Moteino: FLX:148:OK
TX > FLX:149:1009500069835C834B8390819B8791819C87928183
Moteino: FLX:149:OK
TX > FLX:150:100960009D87682FCE0101960E94870283E08E87C3
Moteino: FLX:150:OK
TX > FLX:151:10097000BFE0EB0EF11CC7010E94FD020E947B024A
Moteino: FLX:151:OK
TX > FLX:152:10098000A12CB12CAC14BD040CF052C0E981FA8149
Moteino: FLX:152:OK
TX > FLX:153:100990002281222321F03F81230F08F42FEF3D8590
Moteino: FLX:153:OK
TX > FLX:154:1009A000122F139F112D11248FEF0E942702812FE8
Moteino: FLX:154:OK
TX > FLX:155:1009B0000E942702E981FA810181002321F02E8122
Moteino: FLX:155:OK
TX > FLX:156:1009C000020F08F40FEF2C85029F012D112410E077
Moteino: FLX:156:OK
TX > FLX:157:1009D000102F00272081222321F03D81230F08F4CE
Moteino: FLX:157:OK
TX > FLX:158:1009E0002FEF3B85239F212D1124022B812F0E9465
Moteino: FLX:158:OK
TX > FLX:159:1009F0002702802F0E9427022E8589819A81820FEB
Moteino: FLX:159:OK
TX > FLX:160:100A0000911D9A8389838B819C8101979C838B8321
Moteino: FLX:160:OK
TX > FLX:161:100A100088859D81891B8D8389859E81891B8E8315
Moteino: FLX:161:OK
TX > FLX:162:100A20008A859F81891B8F838FEFA81AB80AAACF66
Moteino: FLX:162:OK
TX > FLX:163:100A3000C6010E946002C7010E94F0022E960FB606
Moteino: FLX:163:OK
TX > FLX:164:100A4000F894DEBF0FBECDBFDF91CF911F910F9104
Moteino: FLX:164:OK
TX > FLX:165:100A5000FF90EF90DF90CF90BF90AF900895AF924E
Moteino: FLX:165:OK
TX > FLX:166:100A6000BF92CF92DF92EF92FF920F931F93CF939B
Moteino: FLX:166:OK
TX > FLX:167:100A7000DF93CDB7DEB72E970FB6F894DEBF0FBE6B
Moteino: FLX:167:OK
TX > FLX:168:100A8000CDBF7C016A01F901DC011C968C917A834F
Moteino: FLX:168:OK
TX > FLX:169:100A900069835C834B8390819B8791819C87928142
Moteino: FLX:169:OK
TX > FLX:170:100AA0009D87682FCE0101960E9487021E86BFE0B7
Moteino: FLX:170:OK
TX > FLX:171:100AB000EB0EF11CC7010E94FD020E947B02A12CDB
Moteino: FLX:171:OK
TX > FLX:172:100AC000B12CAC14BD040CF046C0E981FA8122813E
Moteino: FLX:172:OK
TX > FLX:173:100AD000222321F03F81230F08F42FEF3D85122FB1
Moteino: FLX:173:OK
TX > FLX:174:100AE000139F112D11248FEF0E942702812F0E9446
Moteino: FLX:174:OK
TX > FLX:175:100AF0002702E981FA810181002321F02E81020F72
Moteino: FLX:175:OK
TX > FLX:176:100B000008F40FEF2C85029F012D112410E0102F07
Moteino: FLX:176:OK
TX > FLX:177:100B100000272081222321F03D81230F08F42FEFAD
Moteino: FLX:177:OK
TX > FLX:178:100B20003B85239F212D1124022B812F0E94270218
Moteino: FLX:178:OK
TX > FLX:179:100B3000802F0E94270288859D81891B8D8389854E
Moteino: FLX:179:OK
TX > FLX:180:100B40009E81891B8E838A859F81891B8F838FEF6E
Moteino: FLX:180:OK
TX > FLX:181:100B5000A81AB80AB6CFC6010E946002C7010E9457
Moteino: FLX:181:OK
TX > FLX:182:100B6000F0022E960FB6F894DEBF0FBECDBFDF9118
Moteino: FLX:182:OK
TX > FLX:183:100B7000CF911F910F91FF90EF90DF90CF90BF909A
Moteino: FLX:183:OK
TX > FLX:184:100B8000AF90089580E090E008951F93CF93DF9396
Moteino: FLX:184:OK
TX > FLX:185:100B90002091CF04621709F45DC0162FEC0162307A
Moteino: FLX:185:OK
TX > FLX:186:100BA000E9F168F4662309F440C0613009F052C0ED
Moteino: FLX:186:OK
TX > FLX:187:100BB00061E00E94AD0B837E482F44603BC06330F0
Moteino: FLX:187:OK
TX > FLX:188:100BC000B9F0643009F046C061E00E94AD0B837E4D
Moteino: FLX:188:OK
TX > FLX:189:100BD000482F4C6061E0CE010E946B0B8885882312
Moteino: FLX:189:OK
TX > FLX:190:100BE00069F1E881F9810688F789E02D61E013C099
Moteino: FLX:190:OK
TX > FLX:191:100BF00061E00E94AD0B837E482F406161E0CE0131
Moteino: FLX:191:OK
TX > FLX:192:100C00000E946B0B88858823C9F0E881F9810688EA
Moteino: FLX:192:OK
TX > FLX:193:100C1000F789E02D60E0CE01099510C061E00E94E7
Moteino: FLX:193:OK
TX > FLX:194:100C2000AD0B837E482F486005C061E00E94AD0B8C
Moteino: FLX:194:OK
TX > FLX:195:100C3000482F437E61E0CE010E946B0B8091CF0470
Moteino: FLX:195:OK
TX > FLX:196:100C4000811106C067E2CE010E94AD0B87FFF6CF8F
Moteino: FLX:196:OK
TX > FLX:197:100C50001093CF04DF91CF911F9108958EBD0000B6
Moteino: FLX:197:OK
TX > FLX:198:100C60000DB407FEFDCF8EB50895CF92DF92EF92BF
Moteino: FLX:198:OK
TX > FLX:199:100C7000FF920F931F93CF93DF93EC010E94D6094D
Moteino: FLX:199:OK
TX > FLX:200:100C8000CC80DD80EE80FF80C114D104E104F1044A
Moteino: FLX:200:OK
TX > FLX:201:100C900029F4688379838A839B8319C00881198129
Moteino: FLX:201:OK
TX > FLX:202:100CA0002A813B81DC01CB01801B910BA20BB30B92
Moteino: FLX:202:OK
TX > FLX:203:100CB0008C159D05AE05BF0560F0B901A8014C0D6E
Moteino: FLX:203:OK
TX > FLX:204:100CC0005D1D6E1D7F1D488359836A837B8381E090
Moteino: FLX:204:OK
TX > FLX:205:100CD00001C080E0DF91CF911F910F91FF90EF90C5
Moteino: FLX:205:OK
TX > FLX:206:100CE000DF90CF900895CF938091D8049091D9044C
Moteino: FLX:206:OK
TX > FLX:207:100CF000019709F09DC020910A0130910B014091AC
Moteino: FLX:207:OK
TX > FLX:208:100D00000C0150910D01243F82E038074105510547
Moteino: FLX:208:OK
TX > FLX:209:100D100020F023EF32E040E050E0ADE6B0E00E948A
Moteino: FLX:209:OK
TX > FLX:210:100D20002E2123EF32E040E050E00E940F21C22F3D
Moteino: FLX:210:OK
TX > FLX:211:100D300080912E04821759F087E192E00E947F0E85
Moteino: FLX:211:OK
TX > FLX:212:100D40008C2F0E94E10E0E94E80EC0932E04209189
Moteino: FLX:212:OK
TX > FLX:213:100D50000601309107014091080150910901243F9B
Moteino: FLX:213:OK
TX > FLX:214:100D600082E038074105510520F023EF32E040E0F2
Moteino: FLX:214:OK
TX > FLX:215:100D700050E0A7E3B0E00E942E2123EF32E040E0F4
Moteino: FLX:215:OK
TX > FLX:216:100D800050E00E940F21C22F80912F04821759F04A
Moteino: FLX:216:OK
TX > FLX:217:100D900083E092E00E947F0E8C2F0E94E10E0E9461
Moteino: FLX:217:OK
TX > FLX:218:100DA000E80EC0932F048091890281110FC084EF57
Moteino: FLX:218:OK
TX > FLX:219:100DB00091E0A0E0B0E08093850290938602A0933A
Moteino: FLX:219:OK
TX > FLX:220:100DC0008702B093880281E0809389020E94AD017E
Moteino: FLX:220:OK
TX > FLX:221:100DD000882351F00E94D6096093810270938202A9
Moteino: FLX:221:OK
TX > FLX:222:100DE000809383029093840281E892E00E9435060A
Moteino: FLX:222:OK
TX > FLX:223:100DF000811106C08091D8049091D9040197C1F067
Moteino: FLX:223:OK
TX > FLX:224:100E00008DE292E00E947F0E0E94E80E82E095E063
Moteino: FLX:224:OK
TX > FLX:225:100E10009093F7048093F6040E94D6096093F80437
Moteino: FLX:225:OK
TX > FLX:226:100E20007093F9048093FA049093FB0410922904C0
Moteino: FLX:226:OK
TX > FLX:227:100E3000CF9108958091D8049091D904019709F039
Moteino: FLX:227:OK
TX > FLX:228:100E400043C08091790281110FC084EF91E0A0E04E
Moteino: FLX:228:OK
TX > FLX:229:100E5000B0E08093750290937602A0937702B093EE
Moteino: FLX:229:OK
TX > FLX:230:100E6000780281E0809379020E94AD0181110AC06D
Moteino: FLX:230:OK
TX > FLX:231:100E70000E94D6096093710270937202809373028C
Moteino: FLX:231:OK
TX > FLX:232:100E80009093740281E792E00E9435068823E1F096
Moteino: FLX:232:OK
TX > FLX:233:100E90008CEE91E00E947F0E0E94E80E8CEF94E0B1
Moteino: FLX:233:OK
TX > FLX:234:100EA0009093F7048093F6040E94D6096093F804A7
Moteino: FLX:234:OK
TX > FLX:235:100EB0007093F9048093FA049093FB048FEF0E94DF
Moteino: FLX:235:OK
TX > FLX:236:100EC000EC0E81E0809329040895FC0181E591E016
Moteino: FLX:236:OK
TX > FLX:237:100ED00091838083138212828FEF8683878380873A
Moteino: FLX:237:OK
TX > FLX:238:100EE00081878287838781E08487168615861582AD
Moteino: FLX:238:OK
TX > FLX:239:100EF00014828091BC019091BD01892B21F4F09363
Moteino: FLX:239:OK
TX > FLX:240:100F0000BD01E093BC01A0916E02B0916F021097F9
Moteino: FLX:240:OK
TX > FLX:241:100F100021F01596FC93EE931497F0936F02E093F3
Moteino: FLX:241:OK
TX > FLX:242:100F20006E020895409104015091050125E038E0DA
Moteino: FLX:242:OK
TX > FLX:243:100F3000429FC001439F900D529F900D1124875EE8
Moteino: FLX:243:OK
TX > FLX:244:100F4000994C9093050180930401890F0895CF92E5
Moteino: FLX:244:OK
TX > FLX:245:100F5000DF92EF92FF920F931F93CF93DF936C0179
Moteino: FLX:245:OK
TX > FLX:246:100F60007A018B01C0E0D0E0CE15DF0589F0D80111
Moteino: FLX:246:OK
TX > FLX:247:100F70006D918D01D601ED91FC910190F081E02DF4
Moteino: FLX:247:OK
TX > FLX:248:100F8000C6010995892B11F47E0102C02196ECCF90
Moteino: FLX:248:OK
TX > FLX:249:100F9000C701DF91CF911F910F91FF90EF90DF90EC
Moteino: FLX:249:OK
TX > FLX:250:100FA000CF900895FC01918D828D981761F0828D0C
Moteino: FLX:250:OK
TX > FLX:251:100FB000DF01A80FB11D5D968C91928D9F5F9F738D
Moteino: FLX:251:OK
TX > FLX:252:100FC000928F90E008958FEF9FEF0895FC01918D2F
Moteino: FLX:252:OK
TX > FLX:253:100FD000828D981731F0828DE80FF11D858D90E09C
Moteino: FLX:253:OK
TX > FLX:254:100FE00008958FEF9FEF0895FC01918D228D892F39
Moteino: FLX:254:OK
TX > FLX:255:100FF00090E0805C9F4F821B91098F739927089521
Moteino: FLX:255:OK
TX > FLX:256:1010000082E394E00E94F40721E0892B09F420E0B8
Moteino: FLX:256:OK
TX > FLX:257:10101000822F0895FC01848DDF01A80FB11DA35A12
Moteino: FLX:257:OK
TX > FLX:258:10102000BF4F2C91848D90E001968F739927848F08
Moteino: FLX:258:OK
TX > FLX:259:10103000A689B7892C93A089B1898C9180648C93FF
Moteino: FLX:259:OK
TX > FLX:260:10104000938D848D981306C00288F389E02D8081EA
Moteino: FLX:260:OK
TX > FLX:261:101050008F7D80830895EF92FF920F931F93CF931C
Moteino: FLX:261:OK
TX > FLX:262:10106000DF93EC0181E0888F9B8D8C8D981305C0F8
Moteino: FLX:262:OK
TX > FLX:263:10107000E889F989808185FD24C0F62E0B8D10E06A
Moteino: FLX:263:OK
TX > FLX:264:101080000F5F1F4F0F731127E02E8C8DE8120CC0DD
Moteino: FLX:264:OK
TX > FLX:265:101090000FB607FCFACFE889F989808185FFF5CF83
Moteino: FLX:265:OK
TX > FLX:266:1010A000CE010E940A08F1CF8B8DFE01E80FF11DE1
Moteino: FLX:266:OK
TX > FLX:267:1010B000E35AFF4FF0820B8FEA89FB8980818062BF
Moteino: FLX:267:OK
TX > FLX:268:1010C00007C0EE89FF896083E889F989808180649F
Moteino: FLX:268:OK
TX > FLX:269:1010D000808381E090E0DF91CF911F910F91FF908D
Moteino: FLX:269:OK
TX > FLX:270:1010E000EF900895CF93DF93EC01888D8823C9F0AA
Moteino: FLX:270:OK
TX > FLX:271:1010F000EA89FB89808185FD05C0A889B9898C9121
Moteino: FLX:271:OK
TX > FLX:272:1011000086FD0FC00FB607FCF5CF808185FFF2CFBB
Moteino: FLX:272:OK
TX > FLX:273:10111000A889B9898C9185FFEDCFCE010E940A087C
Moteino: FLX:273:OK
TX > FLX:274:10112000E7CFDF91CF91089580E090E0892B29F0FF
Moteino: FLX:274:OK
TX > FLX:275:101130000E94000881110C9400000895833081F012
Moteino: FLX:275:OK
TX > FLX:276:1011400028F4813099F08230A1F008958730A9F019
Moteino: FLX:276:OK
TX > FLX:277:101150008830B9F08430D1F4809180008F7D03C055
Moteino: FLX:277:OK
TX > FLX:278:10116000809180008F7780938000089584B58F7779
Moteino: FLX:278:OK
TX > FLX:279:1011700002C084B58F7D84BD08958091B0008F77C3
Moteino: FLX:279:OK
TX > FLX:280:1011800003C08091B0008F7D8093B00008950895D2
Moteino: FLX:280:OK
TX > FLX:281:10119000F8942091CF04233021F42091940221115E
Moteino: FLX:281:OK
TX > FLX:282:1011A0000FC02091CF04233011F4789407C0DC01E4
Moteino: FLX:282:OK
TX > FLX:283:1011B000ED91FC910288F389E02D099580E0089576
Moteino: FLX:283:OK
TX > FLX:284:1011C000DC01ED91FC910488F589E02D61E0099541
Moteino: FLX:284:OK
TX > FLX:285:1011D00081E008958091BA019091BB01DC01ED910D
Moteino: FLX:285:OK
TX > FLX:286:1011E000FC910484F585E02D09940E94F71D1F925F
Moteino: FLX:286:OK
TX > FLX:287:1011F0000F920FB60F9211242F933F934F935F934B
Moteino: FLX:287:OK
TX > FLX:288:101200006F937F938F939F93AF93BF93EF93FF93CE
Moteino: FLX:288:OK
TX > FLX:289:1012100082E394E00E940A08FF91EF91BF91AF91A1
Moteino: FLX:289:OK
TX > FLX:290:101220009F918F917F916F915F914F913F912F91FE
Moteino: FLX:290:OK
TX > FLX:291:101230000F900FBE0F901F9018951F920F920FB630
Moteino: FLX:291:OK
TX > FLX:292:101240000F9211242F938F939F93EF93FF93E0912D
Moteino: FLX:292:OK
TX > FLX:293:101250004204F09143048081E0914804F0914904F4
Moteino: FLX:293:OK
TX > FLX:294:1012600082FD12C0908180914B048F5F8F7320911B
Moteino: FLX:294:OK
TX > FLX:295:101270004C04821751F0E0914B04F0E0EE5CFB4F20
Moteino: FLX:295:OK
TX > FLX:296:10128000958F80934B0401C08081FF91EF919F91D6
Moteino: FLX:296:OK
TX > FLX:297:101290008F912F910F900FBE0F901F9018951F9355
Moteino: FLX:297:OK
TX > FLX:298:1012A000CF93DF93282F30E0F901E25BFD4F84916B
Moteino: FLX:298:OK
TX > FLX:299:1012B000F901E153FD4FD491F901E554FD4FC4917B
Moteino: FLX:299:OK
TX > FLX:300:1012C000CC23C9F0162F81110E949E08EC2FF0E06C
Moteino: FLX:300:OK
TX > FLX:301:1012D000EE0FFF1FE955FD4FA591B4918FB7F8941C
Moteino: FLX:301:OK
TX > FLX:302:1012E000111105C09C91ED2FE095E92302C0EC910E
Moteino: FLX:302:OK
TX > FLX:303:1012F000ED2BEC938FBFDF91CF911F910895FC01EF
Moteino: FLX:303:OK
TX > FLX:304:101300008CB583838DB58483958186819CBD8DBD8D
Moteino: FLX:304:OK
TX > FLX:305:1013100060E080810C944F09CF93DF93EC0161E092
Moteino: FLX:305:OK
TX > FLX:306:101320008A810E944F0989858CBD8A858DBD7894FC
Moteino: FLX:306:OK
TX > FLX:307:10133000DF91CF910895FC01F8948CB581878DB52C
Moteino: FLX:307:OK
TX > FLX:308:1013400082878CB5837F8CBD8CB58F7D8CBD8CB531
Moteino: FLX:308:OK
TX > FLX:309:101350008C7F8CBD8DB58E7F8DBD60E082810C94BD
Moteino: FLX:309:OK
TX > FLX:310:101360004F093FB7F89480919A0290919B02A09107
Moteino: FLX:310:OK
TX > FLX:311:101370009C02B0919D0226B5A89B05C02F3F19F095
Moteino: FLX:311:OK
TX > FLX:312:101380000196A11DB11D3FBFBA2FA92F982F882705
Moteino: FLX:312:OK
TX > FLX:313:10139000820F911DA11DB11DBC01CD0142E0660F60
Moteino: FLX:313:OK
TX > FLX:314:1013A000771F881F991F4A95D1F708952FB7F89492
Moteino: FLX:314:OK
TX > FLX:315:1013B00060919602709197028091980290919902A3
Moteino: FLX:315:OK
TX > FLX:316:1013C0002FBF08953F924F925F926F927F928F92BC
Moteino: FLX:316:OK
TX > FLX:317:1013D0009F92AF92BF92CF92DF92EF92FF920F93C4
Moteino: FLX:317:OK
TX > FLX:318:1013E0001F93CF93DF93EC01162F5A01922E302ECC
Moteino: FLX:318:OK
TX > FLX:319:1013F000812CCE2CD12CE12CF12CE881F9810190AB
Moteino: FLX:319:OK
TX > FLX:320:10140000F081E02D01E0292DA501612FCE01099584
Moteino: FLX:320:OK
TX > FLX:321:101410000E94D6092B013C010E94D609DC01CB01B8
Moteino: FLX:321:OK
TX > FLX:322:1014200084199509A609B7098C159D05AE05BF0558
Moteino: FLX:322:OK
TX > FLX:323:10143000A0F4E881F9810480F581E02DCE010995C1
Moteino: FLX:323:OK
TX > FLX:324:10144000882351F39091A002911711F01F3F21F7CB
Moteino: FLX:324:OK
TX > FLX:325:1014500090919302911105C0DFCF8394381468F600
Moteino: FLX:325:OK
TX > FLX:326:1014600080E0DF91CF911F910F91FF90EF90DF907F
Moteino: FLX:326:OK
TX > FLX:327:10147000CF90BF90AF909F908F907F906F905F9034
Moteino: FLX:327:OK
TX > FLX:328:101480004F903F9008951F920F920FB60F92112424
Moteino: FLX:328:OK
TX > FLX:329:101490002F933F938F939F93AF93BF938091960227
Moteino: FLX:329:OK
TX > FLX:330:1014A00090919702A0919802B09199023091950283
Moteino: FLX:330:OK
TX > FLX:331:1014B00023E0230F2D3720F40196A11DB11D05C097
Moteino: FLX:331:OK
TX > FLX:332:1014C00026E8230F0296A11DB11D2093950280935B
Moteino: FLX:332:OK
TX > FLX:333:1014D000960290939702A0939802B09399028091FC
Moteino: FLX:333:OK
TX > FLX:334:1014E0009A0290919B02A0919C02B0919D0201965C
Moteino: FLX:334:OK
TX > FLX:335:1014F000A11DB11D80939A0290939B02A0939C0220
Moteino: FLX:335:OK
TX > FLX:336:10150000B0939D02BF91AF919F918F913F912F9189
Moteino: FLX:336:OK
TX > FLX:337:101510000F900FBE0F901F9018951F920F920FB64D
Moteino: FLX:337:OK
TX > FLX:338:101520000F9211242F933F934F935F936F937F9369
Moteino: FLX:338:OK
TX > FLX:339:101530008F939F93AF93BF93EF93FF93E09102013B
Moteino: FLX:339:OK
TX > FLX:340:10154000F09103010995FF91EF91BF91AF919F91A8
Moteino: FLX:340:OK
TX > FLX:341:101550008F917F916F915F914F913F912F910F905C
Moteino: FLX:341:OK
TX > FLX:342:101560000FBE0F901F9018951F920F920FB60F92FB
Moteino: FLX:342:OK
TX > FLX:343:1015700011242F933F934F935F936F937F938F9398
Moteino: FLX:343:OK
TX > FLX:344:101580009F93AF93BF93EF93FF93E0910001F0918E
Moteino: FLX:344:OK
TX > FLX:345:1015900001010995FF91EF91BF91AF919F918F91BB
Moteino: FLX:345:OK
TX > FLX:346:1015A0007F916F915F914F913F912F910F900FBE5F
Moteino: FLX:346:OK
TX > FLX:347:1015B0000F901F901895FC012081222321F0269F77
Moteino: FLX:347:OK
TX > FLX:348:1015C000212D09F02F5F20830895CF93DF93EC0145
Moteino: FLX:348:OK
TX > FLX:349:1015D00061E088810E944F098B818CBD8C818DBD1B
Moteino: FLX:349:OK
TX > FLX:350:1015E000DF91CF9108950F931F93CF93DF93EC0179
Moteino: FLX:350:OK
TX > FLX:351:1015F000162F442339F040E066E00E94F30ACE0142
Moteino: FLX:351:OK
TX > FLX:352:101600000E94E50ACE010E947F0985E00E942E0615
Moteino: FLX:352:OK
TX > FLX:353:1016100080E00E942E06082FCE010E94E50A00FD00
Moteino: FLX:353:OK
TX > FLX:354:10162000F1CFCE010E947F09812FDF91CF911F91D1
Moteino: FLX:354:OK
TX > FLX:355:101630000F910C942E06EF92FF920F931F93CF936E
Moteino: FLX:355:OK
TX > FLX:356:10164000DF931F92CDB7DEB77C01142F062F41E048
Moteino: FLX:356:OK
TX > FLX:357:1016500062E559830E94F30A802F0E942E06598169
Moteino: FLX:357:OK
TX > FLX:358:10166000852F0E942E06812F0E942E06C7010F9003
Moteino: FLX:358:OK
TX > FLX:359:10167000DF91CF911F910F91FF90EF900C94E50AAD
Moteino: FLX:359:OK
TX > FLX:360:10168000EF92FF920F931F93CF93DF9300D0CDB7CC
Moteino: FLX:360:OK
TX > FLX:361:10169000DEB77C01142F062F41E062E02A835983D4
Moteino: FLX:361:OK
TX > FLX:362:1016A0000E94F30A802F0E942E065981852F0E94E6
Moteino: FLX:362:OK
TX > FLX:363:1016B0002E06812F0E942E062A81822F0E942E063E
Moteino: FLX:363:OK
TX > FLX:364:1016C000C7010F900F90DF91CF911F910F91FF9065
Moteino: FLX:364:OK
TX > FLX:365:1016D000EF900C94E50A0F931F93CF93DF9300D004
Moteino: FLX:365:OK
TX > FLX:366:1016E000CDB7DEB78C01DC01ED91FC91008CF18D62
Moteino: FLX:366:OK
TX > FLX:367:1016F000E02D4A83698309956981862F80680E945D
Moteino: FLX:367:OK
TX > FLX:368:101700002E064A81842F0E942E06D801ED91FC916D
Moteino: FLX:368:OK
TX > FLX:369:10171000028CF38DE02DC8010F900F90DF91CF91D7
Moteino: FLX:369:OK
TX > FLX:370:101720001F910F9109941F93CF93DF93EC01162F14
Moteino: FLX:370:OK
TX > FLX:371:10173000611102C045E501C04DE56AE5CE010E9498
Moteino: FLX:371:OK
TX > FLX:372:101740006B0B111102C040E701C04CE76CE5CE0104
Moteino: FLX:372:OK
TX > FLX:373:10175000DF91CF911F910C946B0BEF92FF921F932F
Moteino: FLX:373:OK
TX > FLX:374:10176000CF93DF931F92CDB7DEB77C01DC01ED9103
Moteino: FLX:374:OK
TX > FLX:375:10177000FC91008CF18DE02D698309956981862F9C
Moteino: FLX:375:OK
TX > FLX:376:101780008F770E942E0680E00E942E06182FD70128
Moteino: FLX:376:OK
TX > FLX:377:10179000ED91FC91028CF38DE02DC7010995812F0D
Moteino: FLX:377:OK
TX > FLX:378:1017A0000F90DF91CF911F91FF90EF900895CF930D
Moteino: FLX:378:OK
TX > FLX:379:1017B000DF93EC016887611102C04AE101C04FE08C
Moteino: FLX:379:OK
TX > FLX:380:1017C00063E1CE010E946B0B8885882341F061E1C3
Moteino: FLX:380:OK
TX > FLX:381:1017D000CE010E94AD0B8F71482F406602C04F8131
Moteino: FLX:381:OK
TX > FLX:382:1017E000406861E1CE01DF91CF910C946B0BCF93F8
Moteino: FLX:382:OK
TX > FLX:383:1017F000DF93EC011092DE021092A00210929F0281
Moteino: FLX:383:OK
TX > FLX:384:101800001092940210929E021092930210929202F1
Moteino: FLX:384:OK
TX > FLX:385:101810001092910268E20E94AD0B82FF0AC06DE354
Moteino: FLX:385:OK
TX > FLX:386:10182000CE010E94AD0B482F44606DE3CE010E94B3
Moteino: FLX:386:OK
TX > FLX:387:101830006B0B40E465E2CE010E946B0BE881F981FD
Moteino: FLX:387:OK
TX > FLX:388:101840000488F589E02D63E0CE01DF91CF91099402
Moteino: FLX:388:OK
TX > FLX:389:10185000CF93DF932091CF042330C9F420919402D9
Moteino: FLX:389:OK
TX > FLX:390:10186000211115C0EC0164E20E94AD0B90E091954E
Moteino: FLX:390:OK
TX > FLX:391:10187000819591098C349F4F54F4E881F981048853
Moteino: FLX:391:OK
TX > FLX:392:10188000F589E02D61E0CE01099581E001C080E09D
Moteino: FLX:392:OK
TX > FLX:393:10189000DF91CF910895EF92FF921F93CF93DF9343
Moteino: FLX:393:OK
TX > FLX:394:1018A000EC018091CF04833001F568E2CE010E9403
Moteino: FLX:394:OK
TX > FLX:395:1018B000AD0B82FD2EC019C08091DE028D3330F455
Moteino: FLX:395:OK
TX > FLX:396:1018C000E091DE02F0E0EF55FD4F1082E881F981F2
Moteino: FLX:396:OK
TX > FLX:397:1018D000028CF38DE02DCE010995E881F981048811
Moteino: FLX:397:OK
TX > FLX:398:1018E000F589E02D63E0CE01099564E2CE010E9406
Moteino: FLX:398:OK
TX > FLX:399:1018F000AD0B90E091958195910995958795909381
Moteino: FLX:399:OK
TX > FLX:400:10190000920280939102DF91CF911F91FF90EF900F
Moteino: FLX:400:OK
TX > FLX:401:101910000895E881F9810488F589E02D61E0CE0120
Moteino: FLX:401:OK
TX > FLX:402:101920000995E881F981008CF18DE02DCE010995B2
Moteino: FLX:402:OK
TX > FLX:403:1019300080E00E942E0680E00E942E068093940292
Moteino: FLX:403:OK
TX > FLX:404:10194000809194028334D0F4809194028093940225
Moteino: FLX:404:OK
TX > FLX:405:1019500080E00E942E0680939F028E81811109C033
Moteino: FLX:405:OK
TX > FLX:406:1019600090919F028D81981721F080919F028F3F67
Moteino: FLX:406:OK
TX > FLX:407:1019700039F480919402833018F017C082E4E6CFE6
Moteino: FLX:407:OK
TX > FLX:408:1019800010929402E881F981028CF38DE02DCE0152
Moteino: FLX:408:OK
TX > FLX:409:101990000995E881F9810288F389E02DCE01DF9174
Moteino: FLX:409:OK
TX > FLX:410:1019A000CF911F91FF90EF90099480919402835002
Moteino: FLX:410:OK
TX > FLX:411:1019B0008093DE0280E00E942E068093A00280E0E9
Moteino: FLX:411:OK
TX > FLX:412:1019C0000E942E06982F907890939302982F9074EF
Moteino: FLX:412:OK
TX > FLX:413:1019D00090939E02E881F9810684F785E02D682FB7
Moteino: FLX:413:OK
TX > FLX:414:1019E000CE01099510E08091DE02181708F064CF4F
Moteino: FLX:414:OK
TX > FLX:415:1019F000E12EF12C80E00E942E06F701EF55FD4FFD
Moteino: FLX:415:OK
TX > FLX:416:101A000080831F5FF0CFCF92DF92EF92FF920F9310
Moteino: FLX:416:OK
TX > FLX:417:101A10001F93CF93DF93EC01F62ED42EC52E122FF9
Moteino: FLX:417:OK
TX > FLX:418:101A2000E881F9810488F589E02D61E0099567E294
Moteino: FLX:418:OK
TX > FLX:419:101A3000CE010E94AD0B87FFFACF40E065E2CE01F8
Moteino: FLX:419:OK
TX > FLX:420:101A40000E946B0B1E3308F01DE3E11004C000235D
Moteino: FLX:420:OK
TX > FLX:421:101A500021F000E403C000E801C000E0E881F98162
Moteino: FLX:421:OK
TX > FLX:422:101A6000008CF18DE02DCE01099580E80E942E06B4
Moteino: FLX:422:OK
TX > FLX:423:101A700083E0810F0E942E068F2D0E942E068D81FD
Moteino: FLX:423:OK
TX > FLX:424:101A80000E942E06802F0E942E060D2DED2CFC2C80
Moteino: FLX:424:OK
TX > FLX:425:101A90008E2D801B811730F4F70181917F010E9408
Moteino: FLX:425:OK
TX > FLX:426:101AA0002E06F6CFE881F981028CF38DE02DCE0170
Moteino: FLX:426:OK
TX > FLX:427:101AB0000995E881F9810488F589E02D64E0CE017B
Moteino: FLX:427:OK
TX > FLX:428:101AC00009950E94D6096B017C012B8130E0F90158
Moteino: FLX:428:OK
TX > FLX:429:101AD000E25BFD4F8491F901E153FD4F0491F9015F
Moteino: FLX:429:OK
TX > FLX:430:101AE000E554FD4F14911123F1F081110E949E08DD
Moteino: FLX:430:OK
TX > FLX:431:101AF000E12FF0E0EE0FFF1FEC5BFD4FA591B491DD
Moteino: FLX:431:OK
TX > FLX:432:101B0000EC91E02381F0E881F9810488F589E02DEA
Moteino: FLX:432:OK
TX > FLX:433:101B100061E0CE01DF91CF911F910F91FF90EF9087
Moteino: FLX:433:OK
TX > FLX:434:101B2000DF90CF9009940E94D609DC01CB018C197B
Moteino: FLX:434:OK
TX > FLX:435:101B30009D09AE09BF09883E9340A105B10508F48F
Moteino: FLX:435:OK
TX > FLX:436:101B4000C4CFE1CF4F925F926F927F92AF92BF92DC
Moteino: FLX:436:OK
TX > FLX:437:101B5000CF92DF92EF92FF920F931F93CF93DF9379
Moteino: FLX:437:OK
TX > FLX:438:101B6000EC015B01F42E10929E021091A002C09035
Moteino: FLX:438:OK
TX > FLX:439:101B70009102D09092026DE30E94AD0B482F446019
Moteino: FLX:439:OK
TX > FLX:440:101B80006DE3CE010E946B0B0E94D6092B013C0134
Moteino: FLX:440:OK
TX > FLX:441:101B9000CE010E94280C882311F11093A002E88145
Moteino: FLX:441:OK
TX > FLX:442:101BA000F9810088F189E02DEE24E39400E02F2DE7
Moteino: FLX:442:OK
TX > FLX:443:101BB000A501612FCE010995D0929202C0929102A7
Moteino: FLX:443:OK
TX > FLX:444:101BC000DF91CF911F910F91FF90EF90DF90CF9019
Moteino: FLX:444:OK
TX > FLX:445:101BD000BF90AF907F906F905F904F9008950E945C
Moteino: FLX:445:OK
TX > FLX:446:101BE000D609DC01CB0184199509A609B709883EFD
Moteino: FLX:446:OK
TX > FLX:447:101BF0009340A105B10588F6E881F9810480F5815B
Moteino: FLX:447:OK
TX > FLX:448:101C0000E02DCE010995C4CF8F929F92AF92BF92E3
Moteino: FLX:448:OK
TX > FLX:449:101C1000CF92DF92EF92FF920F931F93CF93DF93B8
Moteino: FLX:449:OK
TX > FLX:450:101C2000EC01162F6A01F22E6DE30E94AD0B482FD6
Moteino: FLX:450:OK
TX > FLX:451:101C300044606DE3CE010E946B0B0E94D6094B01FC
Moteino: FLX:451:OK
TX > FLX:452:101C40005C01CE010E94280C8823C1F0E881F98153
Moteino: FLX:452:OK
TX > FLX:453:101C50000088F189E02DE12C2F2DA601612FCE0106
Moteino: FLX:453:OK
TX > FLX:454:101C60000995DF91CF911F910F91FF90EF90DF9039
Moteino: FLX:454:OK
TX > FLX:455:101C7000CF90BF90AF909F908F9008950E94D6090B
Moteino: FLX:455:OK
TX > FLX:456:101C8000DC01CB0188199909AA09BB09883E934058
Moteino: FLX:456:OK
TX > FLX:457:101C9000A105B105D8F6E881F9810480F581E02D30
Moteino: FLX:457:OK
TX > FLX:458:101CA000CE010995CECFCF93DF93EC01603208F0DF
Moteino: FLX:458:OK
TX > FLX:459:101CB0006FE16F838885882311F066956F8361E1FA
Moteino: FLX:459:OK
TX > FLX:460:101CC000CE010E94AD0B807E9F81482F492B61E1A0
Moteino: FLX:460:OK
TX > FLX:461:101CD000CE01DF91CF910C946B0B009769F0FC0162
Moteino: FLX:461:OK
TX > FLX:462:101CE00001900020E9F73197AF01481B590BBC0167
Moteino: FLX:462:OK
TX > FLX:463:101CF00082E394E00C94A70780E090E008950F93AE
Moteino: FLX:463:OK
TX > FLX:464:101D00001F93CF93DF938C01C0E0D0E0F801EC0F7C
Moteino: FLX:464:OK
TX > FLX:465:101D1000FD1F6491662371F0E0913204F091330469
Moteino: FLX:465:OK
TX > FLX:466:101D20000190F081E02D82E394E00995892B11F078
Moteino: FLX:466:OK
TX > FLX:467:101D30002196ECCFCE01DF91CF911F910F910895A5
Moteino: FLX:467:OK
TX > FLX:468:101D40008F929F92AF92BF920F931F93CF93DF9387
Moteino: FLX:468:OK
TX > FLX:469:101D5000CDB7DEB7A1970FB6F894DEBF0FBECDBFEB
Moteino: FLX:469:OK
TX > FLX:470:101D600019A2423008F44AE08E010F5D1F4F842E05
Moteino: FLX:470:OK
TX > FLX:471:101D7000912CA12CB12CA50194010E947821E62F71
Moteino: FLX:471:OK
TX > FLX:472:101D8000B901CA0101501109EA3014F4E05D01C043
Moteino: FLX:472:OK
TX > FLX:473:101D9000E95CD801EC93232B242B252B61F7C80198
Moteino: FLX:473:OK
TX > FLX:474:101DA0000E946D0EA1960FB6F894DEBF0FBECDBF98
Moteino: FLX:474:OK
TX > FLX:475:101DB000DF91CF911F910F91BF90AF909F908F9027
Moteino: FLX:475:OK
TX > FLX:476:101DC0000895682F70E080E090E04AE00C94A00E47
Moteino: FLX:476:OK
TX > FLX:477:101DD0008BE891E00C946D0ECF938093EC0490917E
Moteino: FLX:477:OK
TX > FLX:478:101DE0000805981761F0C82F83EE92E00E947F0EDD
Moteino: FLX:478:OK
TX > FLX:479:101DF0008C2F0E94E10E0E94E80EC0930805CF913F
Moteino: FLX:479:OK
TX > FLX:480:101E00000895CF92DF92EF92FF92CF93DF936B0111
Moteino: FLX:480:OK
TX > FLX:481:101E10007C01E0913204F09133040190F081E02DD7
Moteino: FLX:481:OK
TX > FLX:482:101E20006DE282E394E00995EC0166277727CB0108
Moteino: FLX:482:OK
TX > FLX:483:101E30006C197D098E099F094AE00E94A00E8C0F43
Moteino: FLX:483:OK
TX > FLX:484:101E40009D1FDF91CF91FF90EF90DF90CF9008958D
Moteino: FLX:484:OK
TX > FLX:485:101E5000CF93DF93382FEFEDF2E0A1EEB2E02081D7
Moteino: FLX:485:OK
TX > FLX:486:101E6000239F212D2083ED012A91239F212D28835B
Moteino: FLX:486:OK
TX > FLX:487:101E70002C91239F212D2C9311243396139684E0CB
Moteino: FLX:487:OK
TX > FLX:488:101E8000E932F80761F7DF91CF910895CF93DF939F
Moteino: FLX:488:OK
TX > FLX:489:101E9000EC0185EF0E94280F488139812A8180E07A
Moteino: FLX:489:OK
TX > FLX:490:101EA00090E0FC01E152FD4F408331832283039691
Moteino: FLX:490:OK
TX > FLX:491:101EB0008A3451E09507A9F7DF91CF91089590E01A
Moteino: FLX:491:OK
TX > FLX:492:101EC000FC01E153FD4F2491FC01E554FD4F849149
Moteino: FLX:492:OK
TX > FLX:493:101ED000882399F090E0880F991FFC01EF54FD4F83
Moteino: FLX:493:OK
TX > FLX:494:101EE000A591B491FC01E955FD4F859194918FB76F
Moteino: FLX:494:OK
TX > FLX:495:101EF000F894EC91E22BEC938FBF08952F923F92D0
Moteino: FLX:495:OK
TX > FLX:496:101F00004F925F926F927F928F929F92AF92BF9209
Moteino: FLX:496:OK
TX > FLX:497:101F1000CF92DF92EF92FF920F931F93CF93DF93B5
Moteino: FLX:497:OK
TX > FLX:498:101F2000CDB7DEB7AB970FB6F894DEBF0FBECDBF0F
Moteino: FLX:498:OK
TX > FLX:499:101F30000BA31CA32DA33EA34FA358A769A72091D1
Moteino: FLX:499:OK
TX > FLX:500:101F4000DE02243008F4C6C12091A102263409F033
Moteino: FLX:500:OK
TX > FLX:501:101F5000C1C12091A2022C3409F0BCC12091A3027E
Moteino: FLX:501:OK
TX > FLX:502:101F6000283509F0B7C12091A4022F3309F0B2C17E
Moteino: FLX:502:OK
TX > FLX:503:101F7000FC012091A0022BA78091DE028730A9F4FA
Moteino: FLX:503:OK
TX > FLX:504:101F80008091A502853489F48091A6028F3469F48A
Moteino: FLX:504:OK
TX > FLX:505:101F90008091A702863449F400E026E048E951E048
Moteino: FLX:505:OK
TX > FLX:506:101FA0006BA5CF010E94040E95C18FE691E09A8B3C
Moteino: FLX:506:OK
TX > FLX:507:101FB000898B82818B8B83818C8B84818D8B8581B6
Moteino: FLX:507:OK
TX > FLX:508:101FC0008E8B86818F8B8781888F8085898F818595
Moteino: FLX:508:OK
TX > FLX:509:101FD0008A8F82858B8F87E0FE01B396DE015C9647
Moteino: FLX:509:OK
TX > FLX:510:101FE00001900D928A95E1F746E068E971E0CE0133
Moteino: FLX:510:OK
TX > FLX:511:101FF00041960E94A20D40E050E0BA01CE014C96FD
Moteino: FLX:511:OK
TX > FLX:512:102000000E941B0B41E062E0CE014C960E94F30A55
Moteino: FLX:512:OK
TX > FLX:513:1020100080E00E942E0680E00E942E0680E00E9452
Moteino: FLX:513:OK
TX > FLX:514:102020002E0607EA11E0B1E00E3A1B0731F0D801A5
Moteino: FLX:514:OK
TX > FLX:515:102030008D918D010E942E06F6CFCE014C960E9406
Moteino: FLX:515:OK
TX > FLX:516:10204000E50A2AE349E050E060E070E0CE014C96FA
Moteino: FLX:516:OK
TX > FLX:517:102050000E94400B0E94D6091B012C010AE010E0EF
Moteino: FLX:517:OK
TX > FLX:518:10206000A12CB12CFE0131963F01CE0141960E9478
Moteino: FLX:518:OK
TX > FLX:519:10207000C808C82E882351F18091A002FBA58F13B8
Moteino: FLX:519:OK
TX > FLX:520:1020800025C05091DE025AA7543020F08091A10261
Moteino: FLX:520:OK
TX > FLX:521:10209000863451F189E00E945F0F61E089E00E947F
Moteino: FLX:521:OK
TX > FLX:522:1020A0004F090E94B1096B017C010E94B109DC015A
Moteino: FLX:522:OK
TX > FLX:523:1020B000CB018C199D09AE09BF09883E9340A1054B
Moteino: FLX:523:OK
TX > FLX:524:1020C000B10598F360E089E00E944F090E94D609AB
Moteino: FLX:524:OK
TX > FLX:525:1020D000DC01CB0182199309A409B509893B9B4016
Moteino: FLX:525:OK
TX > FLX:526:1020E000A105B10510F2F6C08091A2028C3491F6E0
Moteino: FLX:526:OK
TX > FLX:527:1020F0008091A302883571F68091A4028A3309F099
Moteino: FLX:527:OK
TX > FLX:528:102100007CC02AA5273008F478C084E090E0E12C58
Moteino: FLX:528:OK
TX > FLX:529:10211000F12C982E2FEF280FFC01EF55FD4F308149
Moteino: FLX:529:OK
TX > FLX:530:10212000303308F4CEC030813A3308F0CAC0408161
Moteino: FLX:530:OK
TX > FLX:531:10213000AAE0AE9D9001AF9D300D11247901B0E36E
Moteino: FLX:531:OK
TX > FLX:532:10214000EB1AF108E40EF11C01968830910509F7AD
Moteino: FLX:532:OK
TX > FLX:533:10215000E1E0E90DF0E0EF55FD4F80818A3309F0B1
Moteino: FLX:533:OK
TX > FLX:534:10216000B9C00E94D6091B012C01EA14FB0439F006
Moteino: FLX:534:OK
TX > FLX:535:10217000C5010197E816F90609F03FC028C082E0C2
Moteino: FLX:535:OK
TX > FLX:536:10218000D82ED90C57015FEFA51AB50A9AA5D91612
Moteino: FLX:536:OK
TX > FLX:537:10219000F0F4ED2DF0E0EF55FD4F208148018FEF79
Moteino: FLX:537:OK
TX > FLX:538:1021A000881A980AA80160E070E0CE014C960E945F
Moteino: FLX:538:OK
TX > FLX:539:1021B000400BC4019F77892B39F4A40160E070E0E3
Moteino: FLX:539:OK
TX > FLX:540:1021C000CE014C960E941B0BD3948401DFCFFF926B
Moteino: FLX:540:OK
TX > FLX:541:1021D000EF92AEE8B1E0BF93AF937F926F920E940F
Moteino: FLX:541:OK
TX > FLX:542:1021E000FC1D482FB301CE0141960E94A20D0F9015
Moteino: FLX:542:OK
TX > FLX:543:1021F0000F900F900F900F900F908091A4028F334B
Moteino: FLX:543:OK
TX > FLX:544:1022000009F048CFFAA5F43041F446E068E971E0FE
Moteino: FLX:544:OK
TX > FLX:545:10221000CE0141960E94A20D3DCF2AA5273009F09C
Moteino: FLX:545:OK
TX > FLX:546:1022200039CF8091A502853409F034CF8091A60280
Moteino: FLX:546:OK
TX > FLX:547:102230008F3409F02FCF8091A702863409F02ACF7E
Moteino: FLX:547:OK
TX > FLX:548:1022400078015AE0E51AF10881E0E8168CE7F80613
Moteino: FLX:548:OK
TX > FLX:549:1022500040F047E06FE971E0CE0141960E94A20D87
Moteino: FLX:549:OK
TX > FLX:550:1022600039C046E068E971E0CE0141960E94A20DB6
Moteino: FLX:550:OK
TX > FLX:551:102270002F2D47E050E060E070E0CE014C960E94C8
Moteino: FLX:551:OK
TX > FLX:552:10228000400B26EF200F48E050E060E070E0CE0108
Moteino: FLX:552:OK
TX > FLX:553:102290004C960E94400B2AE349E050E060E070E079
Moteino: FLX:553:OK
TX > FLX:554:1022A000CE014C960E94400BCC20A1F098E088E132
Moteino: FLX:554:OK
TX > FLX:555:1022B0000FB6F894A895809360000FBE90936000CD
Moteino: FLX:555:OK
TX > FLX:556:1022C000FFCF30813A3309F03FCF892D922E8430F1
Moteino: FLX:556:OK
TX > FLX:557:1022D00009F03ECFAB960FB6F894DEBF0FBECDBF70
Moteino: FLX:557:OK
TX > FLX:558:1022E000DF91CF911F910F91FF90EF90DF90CF90F2
Moteino: FLX:558:OK
TX > FLX:559:1022F000BF90AF909F908F907F906F905F904F9026
Moteino: FLX:559:OK
TX > FLX:560:102300003F902F900895FF920F931F93CF93DF93E9
Moteino: FLX:560:OK
TX > FLX:561:10231000CDB7DEB72B970FB6F894DEBF0FBECDBF9B
Moteino: FLX:561:OK
TX > FLX:562:1023200081EE94E00E94C808F82E882309F4AFC01B
Moteino: FLX:562:OK
TX > FLX:563:102330008091A0028E3F39F490919F028091D00449
Moteino: FLX:563:OK
TX > FLX:564:10234000981709F4A6C08091DE02843071F580915F
Moteino: FLX:564:OK
TX > FLX:565:10235000A1029091A202A091A302B091A402809345
Moteino: FLX:565:OK
TX > FLX:566:10236000D4049093D504A093D604B093D70480915D
Moteino: FLX:566:OK
TX > FLX:567:102370009F028093D3049091A0029093D2049091F5
Moteino: FLX:567:OK
TX > FLX:568:10238000D0048913BEC080919E02882309F4B9C08D
Moteino: FLX:568:OK
TX > FLX:569:1023900080919F028F3F09F4B4C040E06DE871E086
Moteino: FLX:569:OK
TX > FLX:570:1023A00081EE94E00E94A20DACC08091DE028230EA
Moteino: FLX:570:OK
TX > FLX:571:1023B00009F044C08091A1029091A2029093D904A7
Moteino: FLX:571:OK
TX > FLX:572:1023C0008093D80480919F028093D3049091A002BF
Moteino: FLX:572:OK
TX > FLX:573:1023D0009093D2049091D00489130FC080919E02F3
Moteino: FLX:573:OK
TX > FLX:574:1023E000882359F080919F028F3F39F040E06DE8DB
Moteino: FLX:574:OK
TX > FLX:575:1023F00071E081EE94E00E94A20D8091D80490914A
Moteino: FLX:575:OK
TX > FLX:576:10240000D904039709F07DC08FEA91E00E946D0E18
Moteino: FLX:576:OK
TX > FLX:577:1024100098E088E10FB6F894A895809360000FBE0D
Moteino: FLX:577:OK
TX > FLX:578:1024200090936000E0913204F09133040190F081C8
Moteino: FLX:578:OK
TX > FLX:579:10243000E02D6EE282E394E00995F4CF8091A00252
Moteino: FLX:579:OK
TX > FLX:580:102440008E3F29F58091DE02873108F18091DE020E
Moteino: FLX:580:OK
TX > FLX:581:102450008A31E8F48091D8049091D9040297B9F0B8
Moteino: FLX:581:OK
TX > FLX:582:102460008AE692E00E947F0E0E94E80EF090DE0263
Moteino: FLX:582:OK
TX > FLX:583:1024700082E692E00E947F0E8F2D0E94E10E0E9464
Moteino: FLX:583:OK
TX > FLX:584:10248000E80E82E090E09093D9048093D804F12C78
Moteino: FLX:584:OK
TX > FLX:585:1024900038C087E892E00E947F0E0E94E80E8FE627
Moteino: FLX:585:OK
TX > FLX:586:1024A00091E09A8389838091E3048B838091E40493
Moteino: FLX:586:OK
TX > FLX:587:1024B0008C838091E5048D838091E6048E838091E6
Moteino: FLX:587:OK
TX > FLX:588:1024C000E7048F838091E80488878091E9048987F5
Moteino: FLX:588:OK
TX > FLX:589:1024D0008091EA048A878091EB048B87009109053B
Moteino: FLX:589:OK
TX > FLX:590:1024E00010910A0520910B0530910C0540910D05C6
Moteino: FLX:590:OK
TX > FLX:591:1024F00050910E0560910F05CE0101960E947E0F4E
Moteino: FLX:591:OK
TX > FLX:592:1025000022CF8F2D2B960FB6F894DEBF0FBECDBF16
Moteino: FLX:592:OK
TX > FLX:593:10251000DF91CF911F910F91FF9008950F931F931B
Moteino: FLX:593:OK
TX > FLX:594:102520000E94D60960933A0470933B0480933C0464
Moteino: FLX:594:OK
TX > FLX:595:1025300090933D04E0913204F09133040084F185DE
Moteino: FLX:595:OK
TX > FLX:596:10254000E02D82E394E0099597FF1FC00E94D60911
Moteino: FLX:596:OK
TX > FLX:597:1025500000913A0410913B0420913C0430913D04D9
Moteino: FLX:597:OK
TX > FLX:598:10256000DC01CB01801B910BA20BB30B0091360455
Moteino: FLX:598:OK
TX > FLX:599:102570001091370420913804309139048017910765
Moteino: FLX:599:OK
TX > FLX:600:10258000A207B307B8F28FEF9FEF1F910F91089545
Moteino: FLX:600:OK
TX > FLX:601:10259000CF92DF92EF92FF920F931F938B019C01DA
Moteino: FLX:601:OK
TX > FLX:602:1025A00040E050E060E070E40417150726073707A5
Moteino: FLX:602:OK
TX > FLX:603:1025B00040F4A2E07695679557954795AA95D1F78F
Moteino: FLX:603:OK
TX > FLX:604:1025C000F3CF80E090E0DC01411551056105710514
Moteino: FLX:604:OK
TX > FLX:605:1025D00009F16A017B01C80ED91EEA1EFB1E0C150B
Moteino: FLX:605:OK
TX > FLX:606:1025E0001D052E053F0550F00C191D092E093F0948
Moteino: FLX:606:OK
TX > FLX:607:1025F000D701C601840F951FA61FB71FB695A795D3
Moteino: FLX:607:OK
TX > FLX:608:1026000097958795F2E07695679557954795FA9552
Moteino: FLX:608:OK
TX > FLX:609:10261000D1F7DACF80179107A207B30718F4019614
Moteino: FLX:609:OK
TX > FLX:610:10262000A11DB11D1F910F91FF90EF90DF90CF90F2
Moteino: FLX:610:OK
TX > FLX:611:102630000895CF93DF93CDB7DEB7EE970FB6F8943A
Moteino: FLX:611:OK
TX > FLX:612:10264000DEBF0FBECDBF789484B5826084BD84B5F3
Moteino: FLX:612:OK
TX > FLX:613:10265000816084BD85B5826085BD85B5816085BD9D
Moteino: FLX:613:OK
TX > FLX:614:1026600080916E00816080936E0010928100809155
Moteino: FLX:614:OK
TX > FLX:615:1026700081008260809381008091810081608093DD
Moteino: FLX:615:OK
TX > FLX:616:102680008100809180008160809380008091B10002
Moteino: FLX:616:OK
TX > FLX:617:1026900084608093B1008091B00081608093B0002D
Moteino: FLX:617:OK
TX > FLX:618:1026A00080917A00846080937A0080917A008260C1
Moteino: FLX:618:OK
TX > FLX:619:1026B00080937A0080917A00816080937A00809183
Moteino: FLX:619:OK
TX > FLX:620:1026C0007A00806880937A001092C100E091420401
Moteino: FLX:620:OK
TX > FLX:621:1026D000F091430482E08083E0913E04F0913F0456
Moteino: FLX:621:OK
TX > FLX:622:1026E0001082E0914004F091410480E180831092D7
Moteino: FLX:622:OK
TX > FLX:623:1026F0004A04E0914604F091470486E08083E0912B
Moteino: FLX:623:OK
TX > FLX:624:102700004404F0914504808180618083E091440419
Moteino: FLX:624:OK
TX > FLX:625:10271000F0914504808188608083E0914404F091C9
Moteino: FLX:625:OK
TX > FLX:626:102720004504808180688083E0914404F0914504F1
Moteino: FLX:626:OK
TX > FLX:627:1027300080818F7D80838CE091E00E947F0E0E94DB
Moteino: FLX:627:OK
TX > FLX:628:10274000E80E8AE290E00E94F920182F8093D004CE
Moteino: FLX:628:OK
TX > FLX:629:102750008AEE90E00E947F0E812F0E94E10E0E947F
Moteino: FLX:629:OK
TX > FLX:630:10276000E80E1091D004153111F01F3FD9F580EC1F
Moteino: FLX:630:OK
TX > FLX:631:1027700090E00E947F0E0E94E80E8BE990E00E949C
Moteino: FLX:631:OK
TX > FLX:632:102780007F0E0E94E80E82E394E00E94F407892BFA
Moteino: FLX:632:OK
TX > FLX:633:10279000D1F30E948E12FC0197FD15C08D32910578
Moteino: FLX:633:OK
TX > FLX:634:1027A00011F40C94EC1CC0970A9710F40C94EC1CD8
Moteino: FLX:634:OK
TX > FLX:635:1027B000E0913204F09133040680F781E02D82E34A
Moteino: FLX:635:OK
TX > FLX:636:1027C00094E00995E6CF60E08AE290E06FAB0E946A
Moteino: FLX:636:OK
TX > FLX:637:1027D000F9206FA9681709F4AECF8AE290E00E9451
Moteino: FLX:637:OK
TX > FLX:638:1027E0000121A9CF8EE29E012F5F3F4F3CAB2BAB67
Moteino: FLX:638:OK
TX > FLX:639:1027F000D901E82F1D92EA95E9F791E0998324E049
Moteino: FLX:639:OK
TX > FLX:640:102800002A8332E03B8393E09D833E832F8330E431
Moteino: FLX:640:OK
TX > FLX:641:10281000388725E029879A8796E09B8793E39C87F2
Moteino: FLX:641:OK
TX > FLX:642:1028200027E02D8798E09F8799E0998B99E19B8B12
Moteino: FLX:642:OK
TX > FLX:643:1028300092E49C8B45E24D8B3E8B36E23F8B288F9A
Moteino: FLX:643:OK
TX > FLX:644:1028400028E2298F20E12A8F29E22B8F2CED2C8F73
Moteino: FLX:644:OK
TX > FLX:645:102850008D8F88E88E8F8FE28F8F8DE288A380E343
Moteino: FLX:645:OK
TX > FLX:646:1028600089A327E32BA320E92CA328E32DA39EA370
Moteino: FLX:646:OK
TX > FLX:647:102870009CE39FA39FE898A79DE399A792E19AA75D
Moteino: FLX:647:OK
TX > FLX:648:102880009FE69BA78CA78FEF8DA784EE8E8780ECA9
Moteino: FLX:648:OK
TX > FLX:649:10289000888B8DE98AA361E08091E3040E944F094F
Moteino: FLX:649:OK
TX > FLX:650:1028A0008091E3040E945F0F0FB7F8948091BE01FE
Moteino: FLX:650:OK
TX > FLX:651:1028B000811124C0E5ECF2E08491E9EDF2E094911D
Moteino: FLX:651:OK
TX > FLX:652:1028C000E82FF0E0EE0FFF1FEF54FD4FA591B491FC
Moteino: FLX:652:OK
TX > FLX:653:1028D000EC91E92321F461E08AE00E944F098AE04B
Moteino: FLX:653:OK
TX > FLX:654:1028E0000E945F0F8CB580618CBD8CB580648CBDFF
Moteino: FLX:654:OK
TX > FLX:655:1028F0008DE00E945F0F8BE00E945F0F8091BE0110
Moteino: FLX:655:OK
TX > FLX:656:102900008F5F8093BE010FBF0E94D6096B017C01CF
Moteino: FLX:656:OK
TX > FLX:657:102910004AEA6FE281EE94E00E946B0B6FE281EE77
Moteino: FLX:657:OK
TX > FLX:658:1029200094E00E94AD0B8A3A61F00E94D609DC0166
Moteino: FLX:658:OK
TX > FLX:659:10293000CB018C199D09AE09BF09C297A105B1054C
Moteino: FLX:659:OK
TX > FLX:660:1029400038F30E94D6096B017C0145E56FE281EE08
Moteino: FLX:660:OK
TX > FLX:661:1029500094E00E946B0B6FE281EE94E00E94AD0B5D
Moteino: FLX:661:OK
TX > FLX:662:10296000853561F00E94D609DC01CB018C199D09E7
Moteino: FLX:662:OK
TX > FLX:663:10297000AE09BF09C297A105B10538F300E0FE0119
Moteino: FLX:663:OK
TX > FLX:664:102980003196E00FF11DE00FF11D60816F3F39F0CE
Moteino: FLX:664:OK
TX > FLX:665:10299000418181EE94E00E946B0B0F5FF0CFE091DC
Moteino: FLX:665:OK
TX > FLX:666:1029A000E104F091E2040488F589E02D61E081EE14
Moteino: FLX:666:OK
TX > FLX:667:1029B00094E009956DE381EE94E00E94AD0B482F01
Moteino: FLX:667:OK
TX > FLX:668:1029C0004E7F6DE381EE94E00E946B0BE091E10499
Moteino: FLX:668:OK
TX > FLX:669:1029D000F091E2040084F185E02D6091E90481EE3C
Moteino: FLX:669:OK
TX > FLX:670:1029E00094E00995E091E104F091E2040488F5890E
Moteino: FLX:670:OK
TX > FLX:671:1029F000E02D61E081EE94E009950E94D6096B011B
Moteino: FLX:671:OK
TX > FLX:672:102A00007C0167E281EE94E00E94AD0B87FD0CC073
Moteino: FLX:672:OK
TX > FLX:673:102A10000E94D609DC01CB018C199D09AE09BF09C2
Moteino: FLX:673:OK
TX > FLX:674:102A2000C297A105B10568F30E94D609DC01CB016C
Moteino: FLX:674:OK
TX > FLX:675:102A30008C199D09AE09BF09C297A105B10528F5FA
Moteino: FLX:675:OK
TX > FLX:676:102A40008091E5048230C8F4E82FF0E0EE0FFF1F1C
Moteino: FLX:676:OK
TX > FLX:677:102A5000E050FF4F2AEE38E031832083813039F097
Moteino: FLX:677:OK
TX > FLX:678:102A600080916900836080936900E89A06C0809134
Moteino: FLX:678:OK
TX > FLX:679:102A700069008C6080936900E99A81EE94E09093FC
Moteino: FLX:679:OK
TX > FLX:680:102A8000BB018093BA011093E60461E081EE94E00B
Moteino: FLX:680:OK
TX > FLX:681:102A90000E94D70B81E08093E7046FE181EE94E020
Moteino: FLX:681:OK
TX > FLX:682:102AA0000E94530E8FEF93E09093DF048093DE0437
Moteino: FLX:682:OK
TX > FLX:683:102AB0009093DD048093DC049093DB048093DA042C
Moteino: FLX:683:OK
TX > FLX:684:102AC0008091D0046AE00E94BD1D9093D10489E0FA
Moteino: FLX:684:OK
TX > FLX:685:102AD0000E945F0F60E089E00E944F0981E090E072
Moteino: FLX:685:OK
TX > FLX:686:102AE0009093D9048093D8041091D1040091D0041C
Moteino: FLX:686:OK
TX > FLX:687:102AF00082E790E00E947F0E802F0E94E10E88E620
Moteino: FLX:687:OK
TX > FLX:688:102B000090E00E947F0E812F0E94E10E0E94E80E4D
Moteino: FLX:688:OK
TX > FLX:689:102B100088EE93E0A0E0B0E08D839E83AF83B8871A
Moteino: FLX:689:OK
TX > FLX:690:102B2000CE0101960E943506811103C00E948311D7
Moteino: FLX:690:OK
TX > FLX:691:102B3000F7CF89E491E00E947F0E8AED94E09093B4
Moteino: FLX:691:OK
TX > FLX:692:102B40002F0580932E050091DA041091DB0484E4B4
Moteino: FLX:692:OK
TX > FLX:693:102B500091E00E947F0EB80180E090E04AE00E9480
Moteino: FLX:693:OK
TX > FLX:694:102B6000A00EE0912E05F0912F05028113818FE3D5
Moteino: FLX:694:OK
TX > FLX:695:102B700091E00E947F0EB80180E090E04AE00E9460
Moteino: FLX:695:OK
TX > FLX:696:102B8000A00EE0912E05F0912F05048115818AE3B6
Moteino: FLX:696:OK
TX > FLX:697:102B900091E00E947F0EB80180E090E04AE00E9440
Moteino: FLX:697:OK
TX > FLX:698:102BA000A00E0E94E80E8EE191E00E947F0E0E942E
Moteino: FLX:698:OK
TX > FLX:699:102BB000E80E8091E901811111C088ED91E00E9439
Moteino: FLX:699:OK
TX > FLX:700:102BC000650784E291E09093D9018093D801109237
Moteino: FLX:700:OK
TX > FLX:701:102BD000E8011092E70181E08093E901E091D801DA
Moteino: FLX:701:OK
TX > FLX:702:102BE000F091D9010480F581E02D88ED91E00995FF
Moteino: FLX:702:OK
TX > FLX:703:102BF0008FED92E09093DB018093DA018EE690E016
Moteino: FLX:703:OK
TX > FLX:704:102C00009093E6018093E5018FEF8093DE0180EBE6
Moteino: FLX:704:OK
TX > FLX:705:102C10008093DF0180EF8093E0018091D0018111EA
Moteino: FLX:705:OK
TX > FLX:706:102C200011C08FEB91E00E94650786E191E09093DF
Moteino: FLX:706:OK
TX > FLX:707:102C3000C0018093BF011092CF011092CE0181E0BC
Moteino: FLX:707:OK
TX > FLX:708:102C40008093D001E091BF01F091C0010480F58133
Moteino: FLX:708:OK
TX > FLX:709:102C5000E02D8FEB91E009958FED92E09093C2010A
Moteino: FLX:709:OK
TX > FLX:710:102C60008093C1018EE690E09093CD018093CC01DA
Moteino: FLX:710:OK
TX > FLX:711:102C70008FEF8093C50180EB8093C60180EF809336
Moteino: FLX:711:OK
TX > FLX:712:102C8000C70180E480937C0080917A008064809307
Moteino: FLX:712:OK
TX > FLX:713:102C90007A0080917A0086FDFCCF809178002091A7
Moteino: FLX:713:OK
TX > FLX:714:102CA000790090E0922B2091040130910501820F70
Moteino: FLX:714:OK
TX > FLX:715:102CB000931F909305018093040110922A048BE6E0
Moteino: FLX:715:OK
TX > FLX:716:102CC00091E00E947F0E80E00E94E10E0E94E80EDB
Moteino: FLX:716:OK
TX > FLX:717:102CD00081E090E090932D0480932C048CE591E0AA
Moteino: FLX:717:OK
TX > FLX:718:102CE0000E947F0E4AE061E070E080E090E00E9488
Moteino: FLX:718:OK
TX > FLX:719:102CF000A00E0E94E80E8FEF0E94EC0E87E38093F7
Moteino: FLX:719:OK
TX > FLX:720:102D0000300480932E041092310410922F041092FC
Moteino: FLX:720:OK
TX > FLX:721:102D1000290480E090E0FC01E152FD4F1082118215
Moteino: FLX:721:OK
TX > FLX:722:102D2000128203968A34F1E09F07A9F786E791E0C3
Moteino: FLX:722:OK
TX > FLX:723:102D30000E947F0E0E94E80E0E948311882309F4EE
Moteino: FLX:723:OK
TX > FLX:724:102D400052C28091D4049091D504A091D604B09140
Moteino: FLX:724:OK
TX > FLX:725:102D5000D704282F23702093E004AC01BD01F2E0DA
Moteino: FLX:725:OK
TX > FLX:726:102D60007695679557954795FA95D1F75370509397
Moteino: FLX:726:OK
TX > FLX:727:102D7000DB044093DA04AC01BD011CE07695679555
Moteino: FLX:727:OK
TX > FLX:728:102D8000579547951A95D1F753705093DD044093AA
Moteino: FLX:728:OK
TX > FLX:729:102D9000DC0406E1B695A795979587950A95D1F736
Moteino: FLX:729:OK
TX > FLX:730:102DA0009093DF048093DE0490902E0580902F0591
Moteino: FLX:730:OK
TX > FLX:731:102DB00006E115E07801312C8AE0282E832D622D62
Moteino: FLX:731:OK
TX > FLX:732:102DC0000E94BD1D832D891B492F50E0480F511DC6
Moteino: FLX:732:OK
TX > FLX:733:102DD000423051051CF481E0890F01C080E0E92DEB
Moteino: FLX:733:OK
TX > FLX:734:102DE000F82DE80FF11DE80FF11D2081318141150B
Moteino: FLX:734:OK
TX > FLX:735:102DF000510519F08FEF890F01C082E0E92DF82D00
Moteino: FLX:735:OK
TX > FLX:736:102E0000E80FF11DE80FF11DC080D180B601620FFF
Moteino: FLX:736:OK
TX > FLX:737:102E1000731F633F724008F454C0423051051CF4E4
Moteino: FLX:737:OK
TX > FLX:738:102E200081E0890F01C080E0E92DF82DE80FF11D48
Moteino: FLX:738:OK
TX > FLX:739:102E3000E80FF11D40805180452B11F0915001C0E9
Moteino: FLX:739:OK
TX > FLX:740:102E400092E0ADE04A1AADEF5A0AE92DF82DE90FEC
Moteino: FLX:740:OK
TX > FLX:741:102E5000F11DE90FF11D60817181460E571E5694D8
Moteino: FLX:741:OK
TX > FLX:742:102E60004794612C712CC301B201621B730B810961
Moteino: FLX:742:OK
TX > FLX:743:102E700091099B01AC01C301B2010E94AD1D0E94EA
Moteino: FLX:743:OK
TX > FLX:744:102E8000C8125C01A30192012C193D0941095109A5
Moteino: FLX:744:OK
TX > FLX:745:102E9000C301B201635F7240810991090E94AD1DB7
Moteino: FLX:745:OK
TX > FLX:746:102EA0000E94C8129501DC010E949A21660F771FCB
Moteino: FLX:746:OK
TX > FLX:747:102EB000881F991F23EF32E040E050E00E94782104
Moteino: FLX:747:OK
TX > FLX:748:102EC00002C020E030E0D7012D933D937D01339483
Moteino: FLX:748:OK
TX > FLX:749:102ED000B3E03B1273CFE0911605F09117052091F6
Moteino: FLX:749:OK
TX > FLX:750:102EE000180530911905E0901A05F0901B0553E084
Moteino: FLX:750:OK
TX > FLX:751:102EF000C52ED12C8EE892E08E1B9F0B821B930B6C
Moteino: FLX:751:OK
TX > FLX:752:102F00008E199F0969F4F0931705E0931605309325
Moteino: FLX:752:OK
TX > FLX:753:102F1000190520931805F0921B05E0921A052BC0A5
Moteino: FLX:753:OK
TX > FLX:754:102F2000AC014E5F5F4F45305105A8F5F093170592
Moteino: FLX:754:OK
TX > FLX:755:102F3000E09316053093190520931805F0921B05B0
Moteino: FLX:755:OK
TX > FLX:756:102F4000E0921A05E217F30750F4EE15FF0538F486
Moteino: FLX:756:OK
TX > FLX:757:102F50008E0F9F1F90931705809316050CC02E1798
Moteino: FLX:757:OK
TX > FLX:758:102F60003F0790F42E153F0578F4820F931F90933E
Moteino: FLX:758:OK
TX > FLX:759:102F700019058093180530E1E32E35E0F32E570153
Moteino: FLX:759:OK
TX > FLX:760:102F8000D12C4AE0C42E11C08E0D9F1D90931B05BD
Moteino: FLX:760:OK
TX > FLX:761:102F900080931A05F0CFB6010E94C91DE60FF71FF6
Moteino: FLX:761:OK
TX > FLX:762:102FA000260F371FE60EF71EA5CF8D2D6C2D0E9424
Moteino: FLX:762:OK
TX > FLX:763:102FB000BD1D8D2D891B292F30E0280F311D22309A
Moteino: FLX:763:OK
TX > FLX:764:102FC000310514F49F5F01C090E0E92DF82DE90F61
Moteino: FLX:764:OK
TX > FLX:765:102FD000F11DE90FF11DA081B181F50146815781F5
Moteino: FLX:765:OK
TX > FLX:766:102FE000A417B507A0F09D010E949A212B013C0176
Moteino: FLX:766:OK
TX > FLX:767:102FF0009A01DA010E949A21A3019201261B370B44
Moteino: FLX:767:OK
TX > FLX:768:10300000480B590BCA01B9010E94C81202C080E0E6
Moteino: FLX:768:OK
TX > FLX:769:1030100090E0D5018D939D935D01D394B3E0DB12D5
Moteino: FLX:769:OK
TX > FLX:770:10302000C4CF9CE1A92E95E0B92ED12C2AE0C22E66
Moteino: FLX:770:OK
TX > FLX:771:103030008D2D6C2D0E94BD1DE92F8D2D891B492FD3
Moteino: FLX:771:OK
TX > FLX:772:1030400050E0480F511D4115510519F0AFEFA90F80
Moteino: FLX:772:OK
TX > FLX:773:1030500001C0A2E0B0E0AA0FBB1FAA5EBA4F2D913B
Moteino: FLX:773:OK
TX > FLX:774:103060003C913901812C912C6BAE7CAE8DAE9EAE25
Moteino: FLX:774:OK
TX > FLX:775:10307000A3EFB2E00E949A214230510514F4EF5FB1
Moteino: FLX:775:OK
TX > FLX:776:1030800001C0E0E0F0E0EE0FFF1FEA5EFA4F2081A2
Moteino: FLX:776:OK
TX > FLX:777:1030900031816BAC7CAC8DAC9EAC620E731E811C1E
Moteino: FLX:777:OK
TX > FLX:778:1030A000911CA40193010E947821D5012D933D9399
Moteino: FLX:778:OK
TX > FLX:779:1030B0005D01D394B3E0DB12BBCFF701A485B585E6
Moteino: FLX:779:OK
TX > FLX:780:1030C000819191917F01A817B90728F0448155811A
Moteino: FLX:780:OK
TX > FLX:781:1030D000A81BB90B06C0448155813C016A1A7B0AC2
Moteino: FLX:781:OK
TX > FLX:782:1030E000D3019D010E949A214B015C019A01DA01F2
Moteino: FLX:782:OK
TX > FLX:783:1030F0000E949A21680D791D8A1D9B1D0E94C8128D
Moteino: FLX:783:OK
TX > FLX:784:10310000D70151969C938E935097B6E1EB16B5E09C
Moteino: FLX:784:OK
TX > FLX:785:10311000FB0699F6F801219131918F01AFEFBFEFD6
Moteino: FLX:785:OK
TX > FLX:786:103120000E949A2123EF32E040E050E00E94782193
Moteino: FLX:786:OK
TX > FLX:787:10313000D80151963C932E935097B5E00C311B0764
Moteino: FLX:787:OK
TX > FLX:788:1031400049F70091D10410E0F801EE0FFF1FE45E93
Moteino: FLX:788:OK
TX > FLX:789:10315000FA4F2081318180910A0190910B01A09159
Moteino: FLX:789:OK
TX > FLX:790:103160000C01B0910D01880F991FAA1FBB1FBC0154
Moteino: FLX:790:OK
TX > FLX:791:10317000CD01620F731F811D911D53E0C52ED12C0F
Moteino: FLX:791:OK
TX > FLX:792:10318000E12CF12CA70196010E94782120930A01DD
Moteino: FLX:792:OK
TX > FLX:793:1031900030930B0140930C0150930D01000F111F50
Moteino: FLX:793:OK
TX > FLX:794:1031A000F801EE5DFA4F2081318180910601909106
Moteino: FLX:794:OK
TX > FLX:795:1031B0000701A0910801B0910901880F991FAA1F6A
Moteino: FLX:795:OK
TX > FLX:796:1031C000BB1FBC01CD01620F731F811D911DA701A3
Moteino: FLX:796:OK
TX > FLX:797:1031D00096010E94782120930601309307014093C5
Moteino: FLX:797:OK
TX > FLX:798:1031E0000801509309018091D8049091D90420914D
Moteino: FLX:798:OK
TX > FLX:799:1031F0006B0230916C028217930739F1009711F43A
Moteino: FLX:799:OK
TX > FLX:800:1032000082E004C08230910521F483E08093290498
Moteino: FLX:800:OK
TX > FLX:801:1032100014C0019791F482E095E09093F7048093B5
Moteino: FLX:801:OK
TX > FLX:802:10322000F6040E94D6096093F8047093F904809321
Moteino: FLX:802:OK
TX > FLX:803:10323000FA049093FB04109229048091D804909191
Moteino: FLX:803:OK
TX > FLX:804:10324000D90490936C0280936B028091F304E09117
Moteino: FLX:804:OK
TX > FLX:805:10325000F404F091F504882349F00190F081E02D09
Moteino: FLX:805:OK
TX > FLX:806:10326000309709F009951092F3042FC00091F604ED
Moteino: FLX:806:OK
TX > FLX:807:103270001091F704E017F107F1F00480F581E02DDB
Moteino: FLX:807:OK
TX > FLX:808:10328000309709F009951093F7040093F604109312
Moteino: FLX:808:OK
TX > FLX:809:10329000F5040093F404D801ED91FC91309709F006
Moteino: FLX:809:OK
TX > FLX:810:1032A00009950E94D6096093F8047093F9048093FD
Moteino: FLX:810:OK
TX > FLX:811:1032B000FA049093FB04E091F404F091F504028089
Moteino: FLX:811:OK
TX > FLX:812:1032C000F381E02D309709F0099520913004909119
Moteino: FLX:812:OK
TX > FLX:813:1032D0002E04921770F44FEF420F30E0F901E91B12
Moteino: FLX:813:OK
TX > FLX:814:1032E000F109CF01F7FD019695958795481B842F2D
Moteino: FLX:814:OK
TX > FLX:815:1032F0000DC0291768F431E0320F892F90E0821B4E
Moteino: FLX:815:OK
TX > FLX:816:10330000910997FD019695958795830F80933004D9
Moteino: FLX:816:OK
TX > FLX:817:103310002091310490912F04921770F44FEF420FD7
Moteino: FLX:817:OK
TX > FLX:818:1033200030E03901691A7108C30177FC019695955F
Moteino: FLX:818:OK
TX > FLX:819:103330008795481B842F0DC0291768F431E0320FA0
Moteino: FLX:819:OK
TX > FLX:820:10334000892F90E0821B910997FD019695958795AD
Moteino: FLX:820:OK
TX > FLX:821:10335000830F8093310480912904813009F40CC1DA
Moteino: FLX:821:OK
TX > FLX:822:1033600058F0823009F41CC2833009F021C219825E
Moteino: FLX:822:OK
TX > FLX:823:103370001A828FEF8B8318C284E60E94EC0E8BEECC
Moteino: FLX:823:OK
TX > FLX:824:103380000E94280F07E010E022242A9437E0332E11
Moteino: FLX:824:OK
TX > FLX:825:103390004EE6442E512CA12C55E5952E6BEAB62E07
Moteino: FLX:825:OK
TX > FLX:826:1033A0007AEA872EE7E37E2E0E94D6099B01AC01C4
Moteino: FLX:826:OK
TX > FLX:827:1033B000A8E1B1E00E942E219B01AC01B02FA0E05A
Moteino: FLX:827:OK
TX > FLX:828:1033C0000E942E21AC0166277727CA019F7396952C
Moteino: FLX:828:OK
TX > FLX:829:1033D000879596958795969587959A0122273074BB
Moteino: FLX:829:OK
TX > FLX:830:1033E000232B21F09101281B390BC901E92FEE0F86
Moteino: FLX:830:OK
TX > FLX:831:1033F000EE0FF0E0E25DFE4F30813DABA181AEAB60
Moteino: FLX:831:OK
TX > FLX:832:1034000092818695EDA9FEA9989FE00DF11D1124EA
Moteino: FLX:832:OK
TX > FLX:833:10341000CF0157FF03C09195819591099058C12C18
Moteino: FLX:833:OK
TX > FLX:834:10342000D12C7601849D6001959D7001949DD00CF6
Moteino: FLX:834:OK
TX > FLX:835:10343000E11CFA1C859DD00CE11CFA1C11246701CB
Moteino: FLX:835:OK
TX > FLX:836:10344000EE24FF2440912A04242F2F71220F220FF3
Moteino: FLX:836:OK
TX > FLX:837:10345000822F880F282F392D239F212D1124342FBF
Moteino: FLX:837:OK
TX > FLX:838:103460003074942F907247FD20C031110BC0911120
Moteino: FLX:838:OK
TX > FLX:839:1034700004C0822F80958AAB10C0BAAA2B5A29AB00
Moteino: FLX:839:OK
TX > FLX:840:10348000198236C091110CC0382F482D349F312D30
Moteino: FLX:840:OK
TX > FLX:841:1034900011248B2D831B8AAB255529AB198228C09B
Moteino: FLX:841:OK
TX > FLX:842:1034A0001AAA822F809589AB12C0311112C09111D6
Moteino: FLX:842:OK
TX > FLX:843:1034B0000BC01AAA282F582D259F212D11248B2DA2
Moteino: FLX:843:OK
TX > FLX:844:1034C000821B89AB2B5A03C02AAB19AA20952983EA
Moteino: FLX:844:OK
TX > FLX:845:1034D0000FC0911106C085E5820F8AAB19AA8B2D0A
Moteino: FLX:845:OK
TX > FLX:846:1034E00005C08BEA820F8AAB19AA892D821B8983BA
Moteino: FLX:846:OK
TX > FLX:847:1034F00068ECCE01C2960E94DB0A68ECCE01C19650
Moteino: FLX:847:OK
TX > FLX:848:103500000E94DB0A68ECCE0101960E94DB0A1124BE
Moteino: FLX:848:OK
TX > FLX:849:10351000272D229F212D11245AA9520F49A9420F6C
Moteino: FLX:849:OK
TX > FLX:850:103520003981C601880F991FFC01EC0DFD1DE15288
Moteino: FLX:850:OK
TX > FLX:851:10353000FD4F6081651708F45083FC01EC0DFD1D03
Moteino: FLX:851:OK
TX > FLX:852:10354000E152FD4F5181541708F44183230F8C0D34
Moteino: FLX:852:OK
TX > FLX:853:103550009D1DFC01E152FD4F8281821708F42283F8
Moteino: FLX:853:OK
TX > FLX:854:1035600080912A04805E80932A040F5F1F4F0F30E2
Moteino: FLX:854:OK
TX > FLX:855:10357000110509F019CF1CC10091300483E991E0D5
Moteino: FLX:855:OK
TX > FLX:856:10358000DE0113969E012D5C3F4FFC014591559144
Moteino: FLX:856:OK
TX > FLX:857:1035900065917491FD0132976083319650834C930D
Moteino: FLX:857:OK
TX > FLX:858:1035A00004961396A217B30781F70E3608F00DE6BE
Moteino: FLX:858:OK
TX > FLX:859:1035B000A0913104B0E028EF3FEF4FEF5FEF0E94A2
Moteino: FLX:859:OK
TX > FLX:860:1035C0002E2120EC30E040E050E00E940F2110E17D
Moteino: FLX:860:OK
TX > FLX:861:1035D000120F6BEFE62E61E0F62E67010E94920754
Moteino: FLX:861:OK
TX > FLX:862:1035E000482F419F412D1124D6013C91341B08F4F2
Moteino: FLX:862:OK
TX > FLX:863:1035F00030E0F60131936F01F9E6CF16F2E0DF0615
Moteino: FLX:863:OK
TX > FLX:864:1036000069F7EDEFF1E02BEF31E010E0680141E008
Moteino: FLX:864:OK
TX > FLX:865:10361000C41AD10853E0A52EB12CC9018B5F91408B
Moteino: FLX:865:OK
TX > FLX:866:103620008C159D05ACF4BF013196CB010197DC01EF
Moteino: FLX:866:OK
TX > FLX:867:103630004C91DB018C9190E0840F911D4081840FAF
Moteino: FLX:867:OK
TX > FLX:868:10364000911DB5010E94C91DD9016D939D01E5CF62
Moteino: FLX:868:OK
TX > FLX:869:103650002DE630E06801B2E0CB1AD10843E0A42E99
Moteino: FLX:869:OK
TX > FLX:870:10366000B12C2C153D05ACF021503109F901E55084
Moteino: FLX:870:OK
TX > FLX:871:10367000FE4F4081DF0111978C9190E0840F911DE6
Moteino: FLX:871:OK
TX > FLX:872:1036800011974C91840F911DB5010E94C91D618352
Moteino: FLX:872:OK
TX > FLX:873:10369000E8CF0E9492078032E8F40E94EB2020E1FC
Moteino: FLX:873:OK
TX > FLX:874:1036A00030E040E050E00E940F2130E4F801E550A6
Moteino: FLX:874:OK
TX > FLX:875:1036B000FE4F2081230F08F42FEFD801A61BB70B74
Moteino: FLX:875:OK
TX > FLX:876:1036C000A550BE4F2C932081230F08F42FEFE60F57
Moteino: FLX:876:OK
TX > FLX:877:1036D000F71F20830E949207803460F430E8F801DD
Moteino: FLX:877:OK
TX > FLX:878:1036E000E550FE4F2081230F08F42FEF230F08F43D
Moteino: FLX:878:OK
TX > FLX:879:1036F0002FEF208340E050E0B0EFF701A1917F0170
Moteino: FLX:879:OK
TX > FLX:880:10370000AE5F6A2F2B2F629F612D1124262F30E090
Moteino: FLX:880:OK
TX > FLX:881:1037100084E0359527958A95E1F7A62FAF70F901DA
Moteino: FLX:881:OK
TX > FLX:882:10372000EE0FFF1FE20FF31F61E070E06C0F7D1FD3
Moteino: FLX:882:OK
TX > FLX:883:10373000E60FF71F808191816281AA2319F12F3052
Moteino: FLX:883:OK
TX > FLX:884:10374000310509F461C033962A2F2295207F122F6C
Moteino: FLX:884:OK
TX > FLX:885:103750001195082F019F012D392F319F312D619F28
Moteino: FLX:885:OK
TX > FLX:886:10376000612D808191811281782F729F712D872F19
Moteino: FLX:886:OK
TX > FLX:887:10377000792F729F712D972F129F112D1124800F79
Moteino: FLX:887:OK
TX > FLX:888:10378000930F610FFA01E152FD4F808391836283B1
Moteino: FLX:888:OK
TX > FLX:889:103790004D5F5F4F4A3481E0580709F0AECF08C053
Moteino: FLX:889:OK
TX > FLX:890:1037A00019828FEF8A831B82CE0101960E94460FF9
Moteino: FLX:890:OK
TX > FLX:891:1037B000D090EC048091EF049091F004A091F1047A
Moteino: FLX:891:OK
TX > FLX:892:1037C000B091F204892B8A2B8B2B09F10E94B1094D
Moteino: FLX:892:OK
TX > FLX:893:1037D0000091F7011091F8012091F9013091FA015F
Moteino: FLX:893:OK
TX > FLX:894:1037E000DC01CB01801B910BA20BB30B0091EF040A
Moteino: FLX:894:OK
TX > FLX:895:1037F0001091F0042091F1043091F20480179107A8
Moteino: FLX:895:OK
TX > FLX:896:10380000A207B307B8F203C0FE0131969DCF0E9414
Moteino: FLX:896:OK
TX > FLX:897:10381000B1096093F7017093F8018093F9019093D7
Moteino: FLX:897:OK
TX > FLX:898:10382000FA010091BC011091BD014D2C512C612C6D
Moteino: FLX:898:OK
TX > FLX:899:10383000712C0115110509F462C0D8011C96CC90B9
Moteino: FLX:899:OK
TX > FLX:900:103840001C978091ED049091EE048436910510F45C
Moteino: FLX:900:OK
TX > FLX:901:103850001C961C92D801ED91FC9182809380198274
Moteino: FLX:901:OK
TX > FLX:902:103860001A821B82D11014C0F801458556856281E9
Moteino: FLX:902:OK
TX > FLX:903:1038700073819E012F5F3F4FC801F4010995D80164
Moteino: FLX:903:OK
TX > FLX:904:103880001C96CC921C9714960D911C911597D1CF34
Moteino: FLX:904:OK
TX > FLX:905:10389000F80139969E012F5F3F4F790158013CE0B6
Moteino: FLX:905:OK
TX > FLX:906:1038A000A30EB11CDF0113973C902191332001F14D
Moteino: FLX:906:OK
TX > FLX:907:1038B0002223F1F0822F90E0A0E0B0E09C01AD0166
Moteino: FLX:907:OK
TX > FLX:908:1038C0002F5F3F4F4F4F5F4FC301B2010E94AD1DAD
Moteino: FLX:908:OK
TX > FLX:909:1038D0009B01AC01832D90E0A0E0B0E0BC01CD01E4
Moteino: FLX:909:OK
TX > FLX:910:1038E0006F5F7F4F8F4F9F4F0E94AD1DD7018C930D
Moteino: FLX:910:OK
TX > FLX:911:1038F000BFEFEB1AFB0AEA15FB05A1F6B5CF8091E5
Moteino: FLX:911:OK
TX > FLX:912:10390000F5019091F6018C010F5F1F4F1093F601A6
Moteino: FLX:912:OK
TX > FLX:913:103910000093F5014997ACF10E94D6096B017C0137
Moteino: FLX:913:OK
TX > FLX:914:1039200048EE53E0049FC001059F900D149F900D39
Moteino: FLX:914:OK
TX > FLX:915:103930001124BC01990F880B990B0091F101109192
Moteino: FLX:915:OK
TX > FLX:916:10394000F2012091F3013091F40136014701601A30
Moteino: FLX:916:OK
TX > FLX:917:10395000710A820A930AA40193010E94782130938C
Moteino: FLX:917:OK
TX > FLX:918:10396000EE042093ED041092F6011092F5010E94EE
Moteino: FLX:918:OK
TX > FLX:919:10397000D6096093F1017093F2018093F301909363
Moteino: FLX:919:OK
TX > FLX:920:10398000F4018091690290916A020196883E23E0D9
Moteino: FLX:920:OK
TX > FLX:921:10399000920729F090936A02809369021AC01092EC
Moteino: FLX:921:OK
TX > FLX:922:1039A0006A02109269020091ED041091EE0483ED19
Moteino: FLX:922:OK
TX > FLX:923:1039B00091E00E947F0EB801110F880B990B97FFC1
Moteino: FLX:923:OK
TX > FLX:924:1039C00003C00E94010F03C04AE00E94A00E0E94A3
Moteino: FLX:924:OK
TX > FLX:925:1039D000E80E0E949408B0C920E030E0A90110E090
Moteino: FLX:925:OK
TX > FLX:926:1039E000E130F105E9F0ED32F105C9F0CF01C09702
Moteino: FLX:926:OK
TX > FLX:927:1039F0000A97B0F4AAE0B0E00E942E216F01FF0FF9
Moteino: FLX:927:OK
TX > FLX:928:103A0000EE08FF08DC01CB018C0D9D1DAE1DBF1D16
Moteino: FLX:928:OK
TX > FLX:929:103A10009C01AD01205331094109510901C011E058
Moteino: FLX:929:OK
TX > FLX:930:103A2000E0913204F09133040680F781E02D82E3C7
Moteino: FLX:930:OK
TX > FLX:931:103A300094E02FAB38AF49AF5AAF09950E948E1270
Moteino: FLX:931:OK
TX > FLX:932:103A4000FC01C0972FA938AD49AD5AAD0A9740F295
Moteino: FLX:932:OK
TX > FLX:933:103A5000E130F10529F2622F112311F40C94E413E3
Moteino: FLX:933:OK
TX > FLX:934:103A600061950C94E413E2E3F4E01382128288EE91
Moteino: FLX:934:OK
TX > FLX:935:103A700093E0A0E0B0E084839583A683B7838FE5CD
Moteino: FLX:935:OK
TX > FLX:936:103A800091E09183808385EC90E09587848784EC36
Moteino: FLX:936:OK
TX > FLX:937:103A900090E09787868780EC90E0918B808B81EC1B
Moteino: FLX:937:OK
TX > FLX:938:103AA00090E0938B828B82EC90E0958B848B86ECFC
Moteino: FLX:938:OK
TX > FLX:939:103AB00090E0978B868B118E128E138E148EE9E018
Moteino: FLX:939:OK
TX > FLX:940:103AC000F5E080E58583168288E0808380E39FEEC1
Moteino: FLX:940:OK
TX > FLX:941:103AD00092838183E0EDF4E08FE691E0928B818B1D
Moteino: FLX:941:OK
TX > FLX:942:103AE0008AE0838B82E0848B158A81E08093CF0407
Moteino: FLX:942:OK
TX > FLX:943:103AF000178A9FE1908F118EECEEF4E09FEF908398
Moteino: FLX:943:OK
TX > FLX:944:103B000012821182E2E0F5E0118210822AE137E0B0
Moteino: FLX:944:OK
TX > FLX:945:103B10003383228315821482ACEFB4E011961C9299
Moteino: FLX:945:OK
TX > FLX:946:103B20001E9223E736E013963C932E931297159638
Moteino: FLX:946:OK
TX > FLX:947:103B30001C921E921497A3EFB4E08C931496FC93FE
Moteino: FLX:947:OK
TX > FLX:948:103B4000EE9313971296FC93EE93119715961D9290
Moteino: FLX:948:OK
TX > FLX:949:103B50001D921D921C9218970895DB018F939F93DD
Moteino: FLX:949:OK
TX > FLX:950:103B60000E942E21BF91AF91A29F800D911DA39F16
Moteino: FLX:950:OK
TX > FLX:951:103B7000900DB29F900D11240895991B79E004C017
Moteino: FLX:951:OK
TX > FLX:952:103B8000991F961708F0961B881F7A95C9F780959C
Moteino: FLX:952:OK
TX > FLX:953:103B9000089597FB072E16F4009407D077FD09D0FF
Moteino: FLX:953:OK
TX > FLX:954:103BA0000E94DD1D07FC05D03EF4909581959F4F46
Moteino: FLX:954:OK
TX > FLX:955:103BB0000895709561957F4F0895AA1BBB1B51E135
Moteino: FLX:955:OK
TX > FLX:956:103BC00007C0AA1FBB1FA617B70710F0A61BB70B8D
Moteino: FLX:956:OK
TX > FLX:957:103BD000881F991F5A95A9F780959095BC01CD0132
Moteino: FLX:957:OK
TX > FLX:958:103BE0000895EE0FFF1F0590F491E02D099481E0F8
Moteino: FLX:958:OK
TX > FLX:959:103BF00090E0F8940C94A921AEE0B0E0E2E0FEE1A0
Moteino: FLX:959:OK
TX > FLX:960:103C00000C944F210D891E8986E08C831A830983C9
Moteino: FLX:960:OK
TX > FLX:961:103C10008FEF9FE79E838D83AE01475E5F4F6F8975
Moteino: FLX:961:OK
TX > FLX:962:103C2000788DCE0101960E941F1E2F813885F801E4
Moteino: FLX:962:OK
TX > FLX:963:103C3000E20FF31F10822E96E4E00C946B21ACE0AF
Moteino: FLX:963:OK
TX > FLX:964:103C4000B0E0E5E2FEE10C9441217C016B018A01C8
Moteino: FLX:964:OK
TX > FLX:965:103C5000FC0117821682838181FFBDC1CE010196CE
Moteino: FLX:965:OK
TX > FLX:966:103C60004C01F7019381F60193FD859193FF8191BA
Moteino: FLX:966:OK
TX > FLX:967:103C70006F01882309F4ABC1853239F493FD859136
Moteino: FLX:967:OK
TX > FLX:968:103C800093FF81916F01853229F4B70190E00E9482
Moteino: FLX:968:OK
TX > FLX:969:103C90000720E7CF512C312C20E02032A0F48B32CA
Moteino: FLX:969:OK
TX > FLX:970:103CA00069F030F4803259F0833269F420612CC01D
Moteino: FLX:970:OK
TX > FLX:971:103CB0008D3239F0803339F4216026C022602460CF
Moteino: FLX:971:OK
TX > FLX:972:103CC00023C0286021C027FD27C030ED380F3A30CF
Moteino: FLX:972:OK
TX > FLX:973:103CD00078F426FF06C0FAE05F9E300D1124532EC3
Moteino: FLX:973:OK
TX > FLX:974:103CE00013C08AE0389E300D1124332E20620CC0A0
Moteino: FLX:974:OK
TX > FLX:975:103CF0008E3221F426FD6BC1206406C08C3611F48F
Moteino: FLX:975:OK
TX > FLX:976:103D0000206802C0883641F4F60193FD859193FF47
Moteino: FLX:976:OK
TX > FLX:977:103D100081916F018111C1CF982F9F7D9554933070
Moteino: FLX:977:OK
TX > FLX:978:103D200028F40C5F1F4FFFE3F9830DC0833631F099
Moteino: FLX:978:OK
TX > FLX:979:103D3000833771F0833509F05BC022C0F8018081C0
Moteino: FLX:979:OK
TX > FLX:980:103D400089830E5F1F4F44244394512C540115C0A6
Moteino: FLX:980:OK
TX > FLX:981:103D50003801F2E06F0E711CF801A080B18026FFDF
Moteino: FLX:981:OK
TX > FLX:982:103D600003C0652D70E002C06FEF7FEFC5012C87A7
Moteino: FLX:982:OK
TX > FLX:983:103D70000E94FC1F2C0183012C852F77222E17C057
Moteino: FLX:983:OK
TX > FLX:984:103D80003801F2E06F0E711CF801A080B18026FFAF
Moteino: FLX:984:OK
TX > FLX:985:103D900003C0652D70E002C06FEF7FEFC5012C8777
Moteino: FLX:985:OK
TX > FLX:986:103DA0000E94F11F2C012C852068222E830123FC08
Moteino: FLX:986:OK
TX > FLX:987:103DB0001BC0832D90E048165906B0F4B70180E28D
Moteino: FLX:987:OK
TX > FLX:988:103DC00090E00E9407203A94F4CFF50127FC8591FA
Moteino: FLX:988:OK
TX > FLX:989:103DD00027FE81915F01B70190E00E94072031101A
Moteino: FLX:989:OK
TX > FLX:990:103DE0003A94F1E04F1A51084114510471F7E5C0BB
Moteino: FLX:990:OK
TX > FLX:991:103DF000843611F0893639F5F80127FF07C0608154
Moteino: FLX:991:OK
TX > FLX:992:103E00007181828193810C5F1F4F08C06081718135
Moteino: FLX:992:OK
TX > FLX:993:103E1000072E000C880B990B0E5F1F4F2F76722E0A
Moteino: FLX:993:OK
TX > FLX:994:103E200097FF09C090958095709561957F4F8F4F52
Moteino: FLX:994:OK
TX > FLX:995:103E30009F4F2068722E2AE030E0A4010E943F20AC
Moteino: FLX:995:OK
TX > FLX:996:103E4000A82EA81844C0853729F42F7EB22E2AE068
Moteino: FLX:996:OK
TX > FLX:997:103E500030E025C0F22FF97FBF2E8F36C1F018F465
Moteino: FLX:997:OK
TX > FLX:998:103E6000883579F0B4C0803719F0883721F0AFC0B9
Moteino: FLX:998:OK
TX > FLX:999:103E70002F2F2061B22EB4FE0DC08B2D8460B82E82
Moteino: FLX:999:OK
TX > FLX:1000:103E800009C024FF0AC09F2F9660B92E06C028E003
Moteino: FLX:1000:OK
TX > FLX:1001:103E900030E005C020E130E002C020E132E0F8016E
Moteino: FLX:1001:OK
TX > FLX:1002:103EA000B7FE07C060817181828193810C5F1F4FD3
Moteino: FLX:1002:OK
TX > FLX:1003:103EB00006C06081718180E090E00E5F1F4FA40119
Moteino: FLX:1003:OK
TX > FLX:1004:103EC0000E943F20A82EA818FB2DFF777F2E76FE9C
Moteino: FLX:1004:OK
TX > FLX:1005:103ED0000BC0372D3E7FA51450F474FE0AC072FC4F
Moteino: FLX:1005:OK
TX > FLX:1006:103EE00008C0372D3E7E05C0BA2C372D03C0BA2C32
Moteino: FLX:1006:OK
TX > FLX:1007:103EF00001C0B52C34FF0DC0FE01EA0DF11D80811B
Moteino: FLX:1007:OK
TX > FLX:1008:103F0000803311F4397E09C032FF06C0B394B394F4
Moteino: FLX:1008:OK
TX > FLX:1009:103F100004C0832F867809F0B39433FD13C030FFBB
Moteino: FLX:1009:OK
TX > FLX:1010:103F200006C05A2CB31418F4530C5B18B32CB314FA
Moteino: FLX:1010:OK
TX > FLX:1011:103F300068F4B70180E290E03C870E940720B394C8
Moteino: FLX:1011:OK
TX > FLX:1012:103F40003C85F5CFB31410F43B1801C0312C34FF7D
Moteino: FLX:1012:OK
TX > FLX:1013:103F500012C0B70180E390E03C870E9407203C85B7
Moteino: FLX:1013:OK
TX > FLX:1014:103F600032FF17C031FD03C088E790E002C088E54A
Moteino: FLX:1014:OK
TX > FLX:1015:103F700090E0B7010CC0832F867859F031FF02C062
Moteino: FLX:1015:OK
TX > FLX:1016:103F80008BE201C080E237FD8DE2B70190E00E9434
Moteino: FLX:1016:OK
TX > FLX:1017:103F90000720A51438F4B70180E390E00E940720C1
Moteino: FLX:1017:OK
TX > FLX:1018:103FA0005A94F7CFAA94F401EA0DF11D8081B7016C
Moteino: FLX:1018:OK
TX > FLX:1019:103FB00090E00E940720A110F5CF332009F451CEE4
Moteino: FLX:1019:OK
TX > FLX:1020:103FC000B70180E290E00E9407203A94F6CFF70113
Moteino: FLX:1020:OK
TX > FLX:1021:103FD0008681978102C08FEF9FEF2C96E2E10C94CF
Moteino: FLX:1021:OK
TX > FLX:1022:103FE0005D21FC010590615070400110D8F780956B
Moteino: FLX:1022:OK
TX > FLX:1023:103FF00090958E0F9F1F0895FC01615070400190B5
Moteino: FLX:1023:OK
TX > FLX:1024:104000000110D8F7809590958E0F9F1F08950F93FC
Moteino: FLX:1024:OK
TX > FLX:1025:104010001F93CF93DF93FB01238121FD03C08FEF1B
Moteino: FLX:1025:OK
TX > FLX:1026:104020009FEF28C022FF16C0468157812481358129
Moteino: FLX:1026:OK
TX > FLX:1027:104030004217530744F4A081B1819D012F5F3F4F88
Moteino: FLX:1027:OK
TX > FLX:1028:10404000318320838C93268137812F5F3F4F3783C5
Moteino: FLX:1028:OK
TX > FLX:1029:10405000268310C0EB01092F182F0084F185E02D75
Moteino: FLX:1029:OK
TX > FLX:1030:104060000995892BE1F68E819F8101969F838E832E
Moteino: FLX:1030:OK
TX > FLX:1031:10407000812F902FDF91CF911F910F910895FA0119
Moteino: FLX:1031:OK
TX > FLX:1032:10408000AA27283051F1203181F1E8946F936E7F97
Moteino: FLX:1032:OK
TX > FLX:1033:104090006E5F7F4F8F4F9F4FAF4FB1E03ED0B4E088
Moteino: FLX:1033:OK
TX > FLX:1034:1040A0003CD0670F781F891F9A1FA11D680F791FC9
Moteino: FLX:1034:OK
TX > FLX:1035:1040B0008A1F911DA11D6A0F711D811D911DA11DDA
Moteino: FLX:1035:OK
TX > FLX:1036:1040C00020D009F468943F912AE0269F11243019EA
Moteino: FLX:1036:OK
TX > FLX:1037:1040D000305D3193DEF6CF010895462F4770405D85
Moteino: FLX:1037:OK
TX > FLX:1038:1040E0004193B3E00FD0C9F7F6CF462F4F70405D34
Moteino: FLX:1038:OK
TX > FLX:1039:1040F0004A3318F0495D31FD4052419302D0A9F78F
Moteino: FLX:1039:OK
TX > FLX:1040:10410000EACFB4E0A6959795879577956795BA9588
Moteino: FLX:1040:OK
TX > FLX:1041:10411000C9F700976105710508959B01AC010A2E4E
Moteino: FLX:1041:OK
TX > FLX:1042:1041200006945795479537952795BA95C9F7620F25
Moteino: FLX:1042:OK
TX > FLX:1043:10413000731F841F951FA01D08958F929F92AF92A9
Moteino: FLX:1043:OK
TX > FLX:1044:10414000BF92CF92DF92EF92FF92CF93DF93EC0179
Moteino: FLX:1044:OK
TX > FLX:1045:10415000688179818A819B8161157105810591054D
Moteino: FLX:1045:OK
TX > FLX:1046:1041600021F464E279ED8BE597E02DE133EF41E056
Moteino: FLX:1046:OK
TX > FLX:1047:1041700050E00E940F2149015A019B01AC01A7EABE
Moteino: FLX:1047:OK
TX > FLX:1048:10418000B1E40E942E216B017C01ACEEB4EFA501DD
Moteino: FLX:1048:OK
TX > FLX:1049:1041900094010E943C21DC01CB018C0D9D1DAE1DC4
Moteino: FLX:1049:OK
TX > FLX:1050:1041A000BF1DB7FF03C00197A109B0488883998359
Moteino: FLX:1050:OK
TX > FLX:1051:1041B000AA83BB83BC01CD019F77DF91CF91FF9094
Moteino: FLX:1051:OK
TX > FLX:1052:1041C000EF90DF90CF90BF90AF909F908F90089529
Moteino: FLX:1052:OK
TX > FLX:1053:1041D0000E949D2008958EE091E00E949D20089508
Moteino: FLX:1053:OK
TX > FLX:1054:1041E00060930E0170930F01809310019093110161
Moteino: FLX:1054:OK
TX > FLX:1055:1041F0000895F999FECF92BD81BDF89A992780B5AF
Moteino: FLX:1055:OK
TX > FLX:1056:104200000895262FF999FECF1FBA92BD81BD20BD1A
Moteino: FLX:1056:OK
TX > FLX:1057:104210000FB6F894FA9AF99A0FBE01960895052EF2
Moteino: FLX:1057:OK
TX > FLX:1058:1042200097FB1EF400940E94262157FD07D00E94A0
Moteino: FLX:1058:OK
TX > FLX:1059:10423000782107FC03D04EF40C942621509540952C
Moteino: FLX:1059:OK
TX > FLX:1060:10424000309521953F4F4F4F5F4F08959095809542
Moteino: FLX:1060:OK
TX > FLX:1061:10425000709561957F4F8F4F9F4F08950E949A21CF
Moteino: FLX:1061:OK
TX > FLX:1062:10426000A59F900DB49F900DA49F800D911D1124CA
Moteino: FLX:1062:OK
TX > FLX:1063:104270000895B7FF0C942E210E942E21821B930BD0
Moteino: FLX:1063:OK
TX > FLX:1064:1042800008952F923F924F925F926F927F928F92FA
Moteino: FLX:1064:OK
TX > FLX:1065:104290009F92AF92BF92CF92DF92EF92FF920F93D5
Moteino: FLX:1065:OK
TX > FLX:1066:1042A0001F93CF93DF93CDB7DEB7CA1BDB0B0FB6DF
Moteino: FLX:1066:OK
TX > FLX:1067:1042B000F894DEBF0FBECDBF09942A88398848889C
Moteino: FLX:1067:OK
TX > FLX:1068:1042C0005F846E847D848C849B84AA84B984C88432
Moteino: FLX:1068:OK
TX > FLX:1069:1042D000DF80EE80FD800C811B81AA81B981CE0F29
Moteino: FLX:1069:OK
TX > FLX:1070:1042E000D11D0FB6F894DEBF0FBECDBFED0108950E
Moteino: FLX:1070:OK
TX > FLX:1071:1042F000A1E21A2EAA1BBB1BFD010DC0AA1FBB1FEA
Moteino: FLX:1071:OK
TX > FLX:1072:10430000EE1FFF1FA217B307E407F50720F0A21B5B
Moteino: FLX:1072:OK
TX > FLX:1073:10431000B30BE40BF50B661F771F881F991F1A94C8
Moteino: FLX:1073:OK
TX > FLX:1074:1043200069F760957095809590959B01AC01BD01F2
Moteino: FLX:1074:OK
TX > FLX:1075:10433000CF010895A29FB001B39FC001A39F700D4C
Moteino: FLX:1075:OK
TX > FLX:1076:10434000811D1124911DB29F700D811D1124911D9D
Moteino: FLX:1076:OK
TX > FLX:1077:064350000895F894FFCF70
Moteino: FLX:1077:OK
TX > FLX:1078:10435600C708C70839058E0200008E02000001005A
Moteino: FLX:1078:OK
TX > FLX:1079:104366000000000000002F058F048A046604C205C1
Moteino: FLX:1079:OK
TX > FLX:1080:1043760000000000D30333032E030A03C205000026
Moteino: FLX:1080:OK
TX > FLX:1081:104386003100F9183000FB302C001C472600825AF9
Moteino: FLX:1081:OK
TX > FLX:1082:104396001F006D6A170041760E00897D040000003B
Moteino: FLX:1082:OK
TX > FLX:1083:1043A60000F508F508F508F508C205000000002B21
Moteino: FLX:1083:OK
TX > FLX:1084:1043B60008A707F407D207E6077208000000000402
Moteino: FLX:1084:OK
TX > FLX:1085:1043C6000EE209C808A20DD70B530E4B0CAC010325
Moteino: FLX:1085:OK
TX > FLX:1086:1043D6000DF70BC505930B9B098C090D0A00464C7E
Moteino: FLX:1086:OK
TX > FLX:1087:1043E600583A25753A4F4B00464C583F4F4B0046BE
Moteino: FLX:1087:OK
TX > FLX:1088:1043F6004C583F4E4F4B00464C58494D473A005299
Moteino: FLX:1088:OK
TX > FLX:1089:0A44060045424F4F54494E47000055
Moteino: FLX:1089:OK
Moteino: [FLX?OK]
HANDSHAKE OK!
SUCCESS!
